{"D:\\RepoApp\\app\\assets\\gitIcons.png": {"path":"D:\\RepoApp\\app\\assets\\gitIcons.png","statementMap":{"0":{"start":{"line":1,"column":0},"end":{"line":4,"column":6}}},"fnMap":{},"branchMap":{},"s":{"0":2},"f":{},"b":{},"inputSourceMap":null,"_coverageSchema":"1a1c01bbd47fc00a2c39e90264f33305004495a9","hash":"8b018b8ba459fa5b84a01d5db83d46daad1f759b"}
,"D:\\RepoApp\\app\\configs\\style.js": {"path":"D:\\RepoApp\\app\\configs\\style.js","statementMap":{"0":{"start":{"line":1,"column":21},"end":{"line":1,"column":30}},"1":{"start":{"line":2,"column":26},"end":{"line":2,"column":35}},"2":{"start":{"line":3,"column":27},"end":{"line":3,"column":36}},"3":{"start":{"line":4,"column":28},"end":{"line":4,"column":37}},"4":{"start":{"line":5,"column":21},"end":{"line":5,"column":30}},"5":{"start":{"line":6,"column":21},"end":{"line":6,"column":30}},"6":{"start":{"line":8,"column":28},"end":{"line":11,"column":1}},"7":{"start":{"line":13,"column":28},"end":{"line":17,"column":1}},"8":{"start":{"line":19,"column":33},"end":{"line":24,"column":1}},"9":{"start":{"line":26,"column":26},"end":{"line":31,"column":1}},"10":{"start":{"line":33,"column":31},"end":{"line":38,"column":1}},"11":{"start":{"line":40,"column":26},"end":{"line":44,"column":1}},"12":{"start":{"line":46,"column":24},"end":{"line":51,"column":1}}},"fnMap":{},"branchMap":{},"s":{"0":4,"1":4,"2":4,"3":4,"4":4,"5":4,"6":4,"7":4,"8":4,"9":4,"10":4,"11":4,"12":4},"f":{},"b":{},"_coverageSchema":"1a1c01bbd47fc00a2c39e90264f33305004495a9","hash":"cfd677d949e32a09bb481a4cbe1decec774c79c8"}
,"D:\\RepoApp\\app\\redux\\actions\\login.js": {"path":"D:\\RepoApp\\app\\redux\\actions\\login.js","statementMap":{"0":{"start":{"line":4,"column":24},"end":{"line":4,"column":47}},"1":{"start":{"line":5,"column":31},"end":{"line":5,"column":62}},"2":{"start":{"line":6,"column":30},"end":{"line":6,"column":60}}},"fnMap":{},"branchMap":{},"s":{"0":1,"1":1,"2":1},"f":{},"b":{},"_coverageSchema":"1a1c01bbd47fc00a2c39e90264f33305004495a9","hash":"e158f94a33ab1bdf610dd2678af643bb6f16134e"}
,"D:\\RepoApp\\app\\redux\\actions\\types.js": {"path":"D:\\RepoApp\\app\\redux\\actions\\types.js","statementMap":{"0":{"start":{"line":1,"column":25},"end":{"line":1,"column":36}},"1":{"start":{"line":2,"column":33},"end":{"line":2,"column":52}},"2":{"start":{"line":3,"column":32},"end":{"line":3,"column":50}},"3":{"start":{"line":4,"column":31},"end":{"line":4,"column":48}},"4":{"start":{"line":5,"column":39},"end":{"line":5,"column":64}},"5":{"start":{"line":6,"column":38},"end":{"line":6,"column":62}}},"fnMap":{},"branchMap":{},"s":{"0":1,"1":1,"2":1,"3":1,"4":1,"5":1},"f":{},"b":{},"_coverageSchema":"1a1c01bbd47fc00a2c39e90264f33305004495a9","hash":"97d2cef395b20fedfdb446866d679c0fe40d09b4"}
,"D:\\RepoApp\\app\\screens\\LoginScreen\\index.js": {"path":"D:\\RepoApp\\app\\screens\\LoginScreen\\index.js","statementMap":{"0":{"start":{"line":5,"column":15},"end":{"line":19,"column":2}},"1":{"start":{"line":23,"column":4},"end":{"line":23,"column":17}},"2":{"start":{"line":24,"column":4},"end":{"line":26,"column":6}},"3":{"start":{"line":30,"column":16},"end":{"line":34,"column":3}},"4":{"start":{"line":31,"column":4},"end":{"line":33,"column":7}},"5":{"start":{"line":37,"column":23},"end":{"line":41,"column":3}},"6":{"start":{"line":38,"column":25},"end":{"line":38,"column":35}},"7":{"start":{"line":39,"column":23},"end":{"line":39,"column":33}},"8":{"start":{"line":40,"column":4},"end":{"line":40,"column":54}},"9":{"start":{"line":44,"column":23},"end":{"line":44,"column":33}},"10":{"start":{"line":45,"column":4},"end":{"line":64,"column":6}},"11":{"start":{"line":55,"column":35},"end":{"line":55,"column":58}}},"fnMap":{"0":{"name":"(anonymous_0)","decl":{"start":{"line":22,"column":2},"end":{"line":22,"column":3}},"loc":{"start":{"line":22,"column":21},"end":{"line":27,"column":3}},"line":22},"1":{"name":"(anonymous_1)","decl":{"start":{"line":30,"column":16},"end":{"line":30,"column":17}},"loc":{"start":{"line":30,"column":30},"end":{"line":34,"column":3}},"line":30},"2":{"name":"(anonymous_2)","decl":{"start":{"line":37,"column":23},"end":{"line":37,"column":24}},"loc":{"start":{"line":37,"column":29},"end":{"line":41,"column":3}},"line":37},"3":{"name":"(anonymous_3)","decl":{"start":{"line":43,"column":2},"end":{"line":43,"column":3}},"loc":{"start":{"line":43,"column":11},"end":{"line":65,"column":3}},"line":43},"4":{"name":"(anonymous_4)","decl":{"start":{"line":55,"column":24},"end":{"line":55,"column":25}},"loc":{"start":{"line":55,"column":35},"end":{"line":55,"column":58}},"line":55}},"branchMap":{},"s":{"0":1,"1":2,"2":2,"3":2,"4":1,"5":2,"6":1,"7":1,"8":1,"9":3,"10":3,"11":0},"f":{"0":2,"1":1,"2":1,"3":3,"4":0},"b":{},"_coverageSchema":"1a1c01bbd47fc00a2c39e90264f33305004495a9","hash":"f3fbb7c39687095d95083b2919bc3ca65a3e0f01"}
,"D:\\RepoApp\\app\\screens\\SplashScreen\\index.js": {"path":"D:\\RepoApp\\app\\screens\\SplashScreen\\index.js","statementMap":{"0":{"start":{"line":8,"column":15},"end":{"line":18,"column":2}},"1":{"start":{"line":22,"column":25},"end":{"line":22,"column":35}},"2":{"start":{"line":23,"column":20},"end":{"line":23,"column":24}},"3":{"start":{"line":26,"column":4},"end":{"line":26,"column":33}},"4":{"start":{"line":27,"column":4},"end":{"line":33,"column":5}},"5":{"start":{"line":29,"column":6},"end":{"line":29,"column":28}},"6":{"start":{"line":32,"column":6},"end":{"line":32,"column":40}},"7":{"start":{"line":38,"column":32},"end":{"line":38,"column":42}},"8":{"start":{"line":39,"column":4},"end":{"line":43,"column":5}},"9":{"start":{"line":40,"column":6},"end":{"line":42,"column":7}},"10":{"start":{"line":41,"column":8},"end":{"line":41,"column":41}},"11":{"start":{"line":47,"column":10},"end":{"line":49,"column":3}},"12":{"start":{"line":48,"column":4},"end":{"line":48,"column":49}},"13":{"start":{"line":52,"column":4},"end":{"line":60,"column":6}},"14":{"start":{"line":65,"column":2},"end":{"line":67,"column":4}},"15":{"start":{"line":71,"column":2},"end":{"line":74,"column":4}},"16":{"start":{"line":73,"column":6},"end":{"line":73,"column":57}}},"fnMap":{"0":{"name":"(anonymous_0)","decl":{"start":{"line":21,"column":2},"end":{"line":21,"column":3}},"loc":{"start":{"line":21,"column":28},"end":{"line":34,"column":3}},"line":21},"1":{"name":"(anonymous_1)","decl":{"start":{"line":37,"column":2},"end":{"line":37,"column":3}},"loc":{"start":{"line":37,"column":32},"end":{"line":44,"column":3}},"line":37},"2":{"name":"(anonymous_2)","decl":{"start":{"line":47,"column":10},"end":{"line":47,"column":11}},"loc":{"start":{"line":47,"column":31},"end":{"line":49,"column":3}},"line":47},"3":{"name":"(anonymous_3)","decl":{"start":{"line":51,"column":2},"end":{"line":51,"column":3}},"loc":{"start":{"line":51,"column":11},"end":{"line":61,"column":3}},"line":51},"4":{"name":"mapStateToProps","decl":{"start":{"line":64,"column":9},"end":{"line":64,"column":24}},"loc":{"start":{"line":64,"column":32},"end":{"line":68,"column":1}},"line":64},"5":{"name":"mapDispatchToProps","decl":{"start":{"line":70,"column":16},"end":{"line":70,"column":34}},"loc":{"start":{"line":70,"column":45},"end":{"line":75,"column":1}},"line":70},"6":{"name":"(anonymous_6)","decl":{"start":{"line":72,"column":14},"end":{"line":72,"column":15}},"loc":{"start":{"line":73,"column":6},"end":{"line":73,"column":57}},"line":73}},"branchMap":{"0":{"loc":{"start":{"line":27,"column":4},"end":{"line":33,"column":5}},"type":"if","locations":[{"start":{"line":27,"column":4},"end":{"line":33,"column":5}},{"start":{"line":27,"column":4},"end":{"line":33,"column":5}}],"line":27},"1":{"loc":{"start":{"line":39,"column":4},"end":{"line":43,"column":5}},"type":"if","locations":[{"start":{"line":39,"column":4},"end":{"line":43,"column":5}},{"start":{"line":39,"column":4},"end":{"line":43,"column":5}}],"line":39},"2":{"loc":{"start":{"line":40,"column":6},"end":{"line":42,"column":7}},"type":"if","locations":[{"start":{"line":40,"column":6},"end":{"line":42,"column":7}},{"start":{"line":40,"column":6},"end":{"line":42,"column":7}}],"line":40},"3":{"loc":{"start":{"line":40,"column":10},"end":{"line":40,"column":29}},"type":"binary-expr","locations":[{"start":{"line":40,"column":10},"end":{"line":40,"column":15}},{"start":{"line":40,"column":19},"end":{"line":40,"column":29}}],"line":40}},"s":{"0":1,"1":2,"2":2,"3":2,"4":2,"5":1,"6":1,"7":0,"8":0,"9":0,"10":0,"11":2,"12":1,"13":2,"14":1,"15":2,"16":1},"f":{"0":2,"1":0,"2":1,"3":2,"4":1,"5":2,"6":1},"b":{"0":[1,1],"1":[0,0],"2":[0,0],"3":[0,0]},"_coverageSchema":"1a1c01bbd47fc00a2c39e90264f33305004495a9","hash":"e1057f077cef527f60f5bbf4a30e80c84c2c55c0"}
,"D:\\RepoApp\\app\\uikit\\Spinner.js": {"path":"D:\\RepoApp\\app\\uikit\\Spinner.js","statementMap":{"0":{"start":{"line":15,"column":42},"end":{"line":15,"column":47}},"1":{"start":{"line":16,"column":21},"end":{"line":16,"column":36}},"2":{"start":{"line":17,"column":23},"end":{"line":17,"column":64}},"3":{"start":{"line":19,"column":2},"end":{"line":26,"column":4}},"4":{"start":{"line":29,"column":0},"end":{"line":38,"column":2}},"5":{"start":{"line":40,"column":0},"end":{"line":44,"column":2}}},"fnMap":{"0":{"name":"Spinner","decl":{"start":{"line":14,"column":9},"end":{"line":14,"column":16}},"loc":{"start":{"line":14,"column":24},"end":{"line":27,"column":1}},"line":14}},"branchMap":{"0":{"loc":{"start":{"line":16,"column":21},"end":{"line":16,"column":36}},"type":"binary-expr","locations":[{"start":{"line":16,"column":21},"end":{"line":16,"column":25}},{"start":{"line":16,"column":29},"end":{"line":16,"column":36}}],"line":16},"1":{"loc":{"start":{"line":17,"column":23},"end":{"line":17,"column":64}},"type":"cond-expr","locations":[{"start":{"line":17,"column":47},"end":{"line":17,"column":57}},{"start":{"line":17,"column":60},"end":{"line":17,"column":64}}],"line":17}},"s":{"0":1,"1":1,"2":1,"3":1,"4":2,"5":2},"f":{"0":1},"b":{"0":[1,0],"1":[1,0]},"_coverageSchema":"1a1c01bbd47fc00a2c39e90264f33305004495a9","hash":"44c4be10ef223b3a19ba2c022c184c8d8b52374e"}
,"D:\\RepoApp\\app\\uikit\\index.js": {"path":"D:\\RepoApp\\app\\uikit\\index.js","statementMap":{},"fnMap":{},"branchMap":{},"s":{},"f":{},"b":{},"_coverageSchema":"1a1c01bbd47fc00a2c39e90264f33305004495a9","hash":"236657c2664aa55ed463f88144caadf3af82403a"}
,"D:\\RepoApp\\app\\uikit\\Button\\index.js": {"path":"D:\\RepoApp\\app\\uikit\\Button\\index.js","statementMap":{"0":{"start":{"line":12,"column":15},"end":{"line":29,"column":2}},"1":{"start":{"line":41,"column":56},"end":{"line":41,"column":61}},"2":{"start":{"line":42,"column":18},"end":{"line":42,"column":59}},"3":{"start":{"line":43,"column":2},"end":{"line":50,"column":4}},"4":{"start":{"line":53,"column":0},"end":{"line":59,"column":2}},"5":{"start":{"line":61,"column":0},"end":{"line":67,"column":2}}},"fnMap":{"0":{"name":"Button","decl":{"start":{"line":40,"column":24},"end":{"line":40,"column":30}},"loc":{"start":{"line":40,"column":38},"end":{"line":51,"column":1}},"line":40},"1":{"name":"(anonymous_1)","decl":{"start":{"line":63,"column":11},"end":{"line":63,"column":12}},"loc":{"start":{"line":63,"column":17},"end":{"line":63,"column":19}},"line":63}},"branchMap":{"0":{"loc":{"start":{"line":42,"column":18},"end":{"line":42,"column":59}},"type":"cond-expr","locations":[{"start":{"line":42,"column":29},"end":{"line":42,"column":42}},{"start":{"line":42,"column":45},"end":{"line":42,"column":59}}],"line":42}},"s":{"0":2,"1":3,"2":3,"3":3,"4":2,"5":2},"f":{"0":3,"1":0},"b":{"0":[2,1]},"_coverageSchema":"1a1c01bbd47fc00a2c39e90264f33305004495a9","hash":"acac9a7e58c0bd88f111606c927c2cf55620d23a"}
,"D:\\RepoApp\\app\\uikit\\TextField\\index.js": {"path":"D:\\RepoApp\\app\\uikit\\TextField\\index.js","statementMap":{"0":{"start":{"line":8,"column":24},"end":{"line":16,"column":3}},"1":{"start":{"line":18,"column":23},"end":{"line":23,"column":3}},"2":{"start":{"line":25,"column":24},"end":{"line":30,"column":3}},"3":{"start":{"line":33,"column":4},"end":{"line":33,"column":17}},"4":{"start":{"line":35,"column":4},"end":{"line":35,"column":53}},"5":{"start":{"line":36,"column":4},"end":{"line":36,"column":50}},"6":{"start":{"line":40,"column":36},"end":{"line":40,"column":46}},"7":{"start":{"line":41,"column":23},"end":{"line":41,"column":33}},"8":{"start":{"line":43,"column":16},"end":{"line":43,"column":40}},"9":{"start":{"line":45,"column":4},"end":{"line":45,"column":48}},"10":{"start":{"line":49,"column":25},"end":{"line":49,"column":29}},"11":{"start":{"line":51,"column":4},"end":{"line":51,"column":55}},"12":{"start":{"line":55,"column":23},"end":{"line":55,"column":33}},"13":{"start":{"line":57,"column":4},"end":{"line":57,"column":58}}},"fnMap":{"0":{"name":"(anonymous_0)","decl":{"start":{"line":32,"column":2},"end":{"line":32,"column":3}},"loc":{"start":{"line":32,"column":21},"end":{"line":37,"column":3}},"line":32},"1":{"name":"(anonymous_1)","decl":{"start":{"line":39,"column":2},"end":{"line":39,"column":3}},"loc":{"start":{"line":39,"column":39},"end":{"line":46,"column":3}},"line":39},"2":{"name":"(anonymous_2)","decl":{"start":{"line":48,"column":2},"end":{"line":48,"column":3}},"loc":{"start":{"line":48,"column":21},"end":{"line":52,"column":3}},"line":48},"3":{"name":"(anonymous_3)","decl":{"start":{"line":54,"column":2},"end":{"line":54,"column":3}},"loc":{"start":{"line":54,"column":20},"end":{"line":58,"column":3}},"line":54}},"branchMap":{},"s":{"0":2,"1":2,"2":2,"3":7,"4":7,"5":7,"6":0,"7":0,"8":0,"9":0,"10":7,"11":7,"12":7,"13":7},"f":{"0":7,"1":0,"2":7,"3":7},"b":{},"_coverageSchema":"1a1c01bbd47fc00a2c39e90264f33305004495a9","hash":"8dd90b46ad4dc2d3ff78c722c5fd832acc14c52c"}
,"D:\\RepoApp\\app\\uikit\\TextField\\affix\\index.js": {"path":"D:\\RepoApp\\app\\uikit\\TextField\\affix\\index.js","statementMap":{"0":{"start":{"line":8,"column":24},"end":{"line":10,"column":3}},"1":{"start":{"line":12,"column":21},"end":{"line":27,"column":3}},"2":{"start":{"line":30,"column":67},"end":{"line":30,"column":77}},"3":{"start":{"line":32,"column":25},"end":{"line":35,"column":5}},"4":{"start":{"line":37,"column":20},"end":{"line":43,"column":5}},"5":{"start":{"line":45,"column":4},"end":{"line":55,"column":5}},"6":{"start":{"line":47,"column":8},"end":{"line":47,"column":40}},"7":{"start":{"line":48,"column":8},"end":{"line":48,"column":37}},"8":{"start":{"line":49,"column":8},"end":{"line":49,"column":14}},"9":{"start":{"line":52,"column":8},"end":{"line":52,"column":39}},"10":{"start":{"line":53,"column":8},"end":{"line":53,"column":38}},"11":{"start":{"line":54,"column":8},"end":{"line":54,"column":14}},"12":{"start":{"line":57,"column":4},"end":{"line":61,"column":6}}},"fnMap":{"0":{"name":"(anonymous_0)","decl":{"start":{"line":29,"column":2},"end":{"line":29,"column":3}},"loc":{"start":{"line":29,"column":11},"end":{"line":62,"column":3}},"line":29}},"branchMap":{"0":{"loc":{"start":{"line":45,"column":4},"end":{"line":55,"column":5}},"type":"switch","locations":[{"start":{"line":46,"column":6},"end":{"line":49,"column":14}},{"start":{"line":51,"column":6},"end":{"line":54,"column":14}}],"line":45}},"s":{"0":4,"1":4,"2":6,"3":6,"4":6,"5":6,"6":3,"7":3,"8":3,"9":3,"10":3,"11":3,"12":6},"f":{"0":6},"b":{"0":[3,3]},"_coverageSchema":"1a1c01bbd47fc00a2c39e90264f33305004495a9","hash":"0da7fafb46a819d2c76097ae510fa3ba21a3108b"}
,"D:\\RepoApp\\app\\uikit\\TextField\\affix\\styles.js": {"path":"D:\\RepoApp\\app\\uikit\\TextField\\affix\\styles.js","statementMap":{},"fnMap":{},"branchMap":{},"s":{},"f":{},"b":{},"_coverageSchema":"1a1c01bbd47fc00a2c39e90264f33305004495a9","hash":"605ff4f8b8aedc1baff78dd6d62aef73bd9e8639"}
,"D:\\RepoApp\\app\\uikit\\TextField\\counter\\index.js": {"path":"D:\\RepoApp\\app\\uikit\\TextField\\counter\\index.js","statementMap":{"0":{"start":{"line":8,"column":21},"end":{"line":16,"column":3}},"1":{"start":{"line":19,"column":57},"end":{"line":19,"column":67}},"2":{"start":{"line":21,"column":4},"end":{"line":23,"column":5}},"3":{"start":{"line":22,"column":6},"end":{"line":22,"column":18}},"4":{"start":{"line":25,"column":20},"end":{"line":29,"column":5}},"5":{"start":{"line":31,"column":4},"end":{"line":35,"column":6}}},"fnMap":{"0":{"name":"(anonymous_0)","decl":{"start":{"line":18,"column":2},"end":{"line":18,"column":3}},"loc":{"start":{"line":18,"column":11},"end":{"line":36,"column":3}},"line":18}},"branchMap":{"0":{"loc":{"start":{"line":21,"column":4},"end":{"line":23,"column":5}},"type":"if","locations":[{"start":{"line":21,"column":4},"end":{"line":23,"column":5}},{"start":{"line":21,"column":4},"end":{"line":23,"column":5}}],"line":21},"1":{"loc":{"start":{"line":26,"column":13},"end":{"line":28,"column":17}},"type":"cond-expr","locations":[{"start":{"line":27,"column":8},"end":{"line":27,"column":18}},{"start":{"line":28,"column":8},"end":{"line":28,"column":17}}],"line":26}},"s":{"0":4,"1":23,"2":23,"3":18,"4":5,"5":5},"f":{"0":23},"b":{"0":[18,5],"1":[2,3]},"_coverageSchema":"1a1c01bbd47fc00a2c39e90264f33305004495a9","hash":"581fa3fe703f203aa370c888cab8bdc52ba396f8"}
,"D:\\RepoApp\\app\\uikit\\TextField\\counter\\styles.js": {"path":"D:\\RepoApp\\app\\uikit\\TextField\\counter\\styles.js","statementMap":{},"fnMap":{},"branchMap":{},"s":{},"f":{},"b":{},"_coverageSchema":"1a1c01bbd47fc00a2c39e90264f33305004495a9","hash":"0fea2a96f81644cac2752fe74296ad2c4111f741"}
,"D:\\RepoApp\\app\\uikit\\TextField\\field\\index.js": {"path":"D:\\RepoApp\\app\\uikit\\TextField\\field\\index.js","statementMap":{"0":{"start":{"line":22,"column":2},"end":{"line":22,"column":54}},"1":{"start":{"line":26,"column":36},"end":{"line":26,"column":41}},"2":{"start":{"line":27,"column":30},"end":{"line":27,"column":35}},"3":{"start":{"line":29,"column":2},"end":{"line":29,"column":69}},"4":{"start":{"line":33,"column":16},"end":{"line":33,"column":21}},"5":{"start":{"line":35,"column":2},"end":{"line":35,"column":17}},"6":{"start":{"line":39,"column":24},"end":{"line":64,"column":3}},"7":{"start":{"line":66,"column":21},"end":{"line":119,"column":3}},"8":{"start":{"line":121,"column":31},"end":{"line":121,"column":52}},"9":{"start":{"line":123,"column":24},"end":{"line":129,"column":3}},"10":{"start":{"line":131,"column":23},"end":{"line":136,"column":3}},"11":{"start":{"line":140,"column":4},"end":{"line":142,"column":5}},"12":{"start":{"line":141,"column":6},"end":{"line":141,"column":21}},"13":{"start":{"line":144,"column":4},"end":{"line":144,"column":16}},"14":{"start":{"line":148,"column":4},"end":{"line":148,"column":17}},"15":{"start":{"line":150,"column":4},"end":{"line":150,"column":41}},"16":{"start":{"line":151,"column":4},"end":{"line":151,"column":43}},"17":{"start":{"line":152,"column":4},"end":{"line":152,"column":41}},"18":{"start":{"line":153,"column":4},"end":{"line":153,"column":45}},"19":{"start":{"line":154,"column":4},"end":{"line":154,"column":53}},"20":{"start":{"line":155,"column":4},"end":{"line":155,"column":67}},"21":{"start":{"line":156,"column":4},"end":{"line":156,"column":67}},"22":{"start":{"line":158,"column":4},"end":{"line":158,"column":38}},"23":{"start":{"line":159,"column":4},"end":{"line":159,"column":37}},"24":{"start":{"line":161,"column":4},"end":{"line":161,"column":38}},"25":{"start":{"line":162,"column":4},"end":{"line":162,"column":25}},"26":{"start":{"line":163,"column":4},"end":{"line":163,"column":25}},"27":{"start":{"line":165,"column":41},"end":{"line":165,"column":51}},"28":{"start":{"line":167,"column":21},"end":{"line":167,"column":68}},"29":{"start":{"line":168,"column":21},"end":{"line":168,"column":61}},"30":{"start":{"line":170,"column":4},"end":{"line":180,"column":6}},"31":{"start":{"line":184,"column":4},"end":{"line":189,"column":6}},"32":{"start":{"line":185,"column":28},"end":{"line":185,"column":38}},"33":{"start":{"line":186,"column":35},"end":{"line":186,"column":51}},"34":{"start":{"line":188,"column":6},"end":{"line":188,"column":41}},"35":{"start":{"line":193,"column":4},"end":{"line":193,"column":24}},"36":{"start":{"line":197,"column":4},"end":{"line":197,"column":25}},"37":{"start":{"line":201,"column":21},"end":{"line":201,"column":52}},"38":{"start":{"line":202,"column":25},"end":{"line":202,"column":55}},"39":{"start":{"line":204,"column":4},"end":{"line":206,"column":5}},"40":{"start":{"line":205,"column":6},"end":{"line":205,"column":33}},"41":{"start":{"line":208,"column":21},"end":{"line":208,"column":64}},"42":{"start":{"line":209,"column":25},"end":{"line":209,"column":66}},"43":{"start":{"line":211,"column":4},"end":{"line":213,"column":5}},"44":{"start":{"line":212,"column":6},"end":{"line":212,"column":33}},"45":{"start":{"line":217,"column":27},"end":{"line":217,"column":37}},"46":{"start":{"line":218,"column":40},"end":{"line":218,"column":50}},"47":{"start":{"line":220,"column":18},"end":{"line":223,"column":5}},"48":{"start":{"line":225,"column":4},"end":{"line":225,"column":70}},"49":{"start":{"line":229,"column":27},"end":{"line":229,"column":37}},"50":{"start":{"line":230,"column":40},"end":{"line":230,"column":50}},"51":{"start":{"line":232,"column":18},"end":{"line":236,"column":5}},"52":{"start":{"line":238,"column":4},"end":{"line":238,"column":44}},"53":{"start":{"line":242,"column":27},"end":{"line":242,"column":40}},"54":{"start":{"line":244,"column":4},"end":{"line":244,"column":32}},"55":{"start":{"line":248,"column":4},"end":{"line":250,"column":5}},"56":{"start":{"line":249,"column":6},"end":{"line":249,"column":16}},"57":{"start":{"line":252,"column":4},"end":{"line":252,"column":32}},"58":{"start":{"line":256,"column":4},"end":{"line":258,"column":5}},"59":{"start":{"line":257,"column":6},"end":{"line":257,"column":15}},"60":{"start":{"line":260,"column":4},"end":{"line":260,"column":32}},"61":{"start":{"line":264,"column":31},"end":{"line":264,"column":41}},"62":{"start":{"line":265,"column":27},"end":{"line":265,"column":40}},"63":{"start":{"line":267,"column":4},"end":{"line":269,"column":5}},"64":{"start":{"line":268,"column":6},"end":{"line":268,"column":20}},"65":{"start":{"line":273,"column":27},"end":{"line":273,"column":40}},"66":{"start":{"line":275,"column":4},"end":{"line":275,"column":17}},"67":{"start":{"line":279,"column":27},"end":{"line":279,"column":40}},"68":{"start":{"line":281,"column":4},"end":{"line":281,"column":18}},"69":{"start":{"line":284,"column":4},"end":{"line":284,"column":26}},"70":{"start":{"line":288,"column":17},"end":{"line":288,"column":27}},"71":{"start":{"line":289,"column":25},"end":{"line":289,"column":35}},"72":{"start":{"line":291,"column":16},"end":{"line":291,"column":61}},"73":{"start":{"line":293,"column":4},"end":{"line":295,"column":5}},"74":{"start":{"line":294,"column":6},"end":{"line":294,"column":16}},"75":{"start":{"line":297,"column":4},"end":{"line":297,"column":61}},"76":{"start":{"line":301,"column":4},"end":{"line":301,"column":26}},"77":{"start":{"line":305,"column":27},"end":{"line":305,"column":40}},"78":{"start":{"line":307,"column":4},"end":{"line":307,"column":29}},"79":{"start":{"line":311,"column":40},"end":{"line":311,"column":50}},"80":{"start":{"line":312,"column":26},"end":{"line":312,"column":38}},"81":{"start":{"line":314,"column":4},"end":{"line":314,"column":25}},"82":{"start":{"line":318,"column":4},"end":{"line":318,"column":43}},"83":{"start":{"line":322,"column":32},"end":{"line":322,"column":42}},"84":{"start":{"line":323,"column":25},"end":{"line":323,"column":35}},"85":{"start":{"line":325,"column":4},"end":{"line":325,"column":66}},"86":{"start":{"line":329,"column":24},"end":{"line":329,"column":34}},"87":{"start":{"line":331,"column":4},"end":{"line":331,"column":57}},"88":{"start":{"line":335,"column":4},"end":{"line":335,"column":35}},"89":{"start":{"line":339,"column":38},"end":{"line":339,"column":48}},"90":{"start":{"line":340,"column":26},"end":{"line":340,"column":36}},"91":{"start":{"line":342,"column":4},"end":{"line":344,"column":5}},"92":{"start":{"line":343,"column":6},"end":{"line":343,"column":21}},"93":{"start":{"line":346,"column":4},"end":{"line":348,"column":5}},"94":{"start":{"line":347,"column":6},"end":{"line":347,"column":19}},"95":{"start":{"line":350,"column":4},"end":{"line":350,"column":24}},"96":{"start":{"line":352,"column":4},"end":{"line":352,"column":31}},"97":{"start":{"line":353,"column":4},"end":{"line":353,"column":31}},"98":{"start":{"line":355,"column":4},"end":{"line":357,"column":5}},"99":{"start":{"line":356,"column":6},"end":{"line":356,"column":63}},"100":{"start":{"line":361,"column":19},"end":{"line":361,"column":29}},"101":{"start":{"line":363,"column":4},"end":{"line":365,"column":5}},"102":{"start":{"line":364,"column":6},"end":{"line":364,"column":20}},"103":{"start":{"line":367,"column":4},"end":{"line":367,"column":25}},"104":{"start":{"line":369,"column":4},"end":{"line":369,"column":31}},"105":{"start":{"line":370,"column":4},"end":{"line":370,"column":31}},"106":{"start":{"line":374,"column":21},"end":{"line":374,"column":31}},"107":{"start":{"line":376,"column":4},"end":{"line":378,"column":5}},"108":{"start":{"line":377,"column":6},"end":{"line":377,"column":22}},"109":{"start":{"line":382,"column":37},"end":{"line":382,"column":47}},"110":{"start":{"line":384,"column":4},"end":{"line":386,"column":5}},"111":{"start":{"line":385,"column":6},"end":{"line":385,"column":30}},"112":{"start":{"line":388,"column":4},"end":{"line":388,"column":26}},"113":{"start":{"line":390,"column":4},"end":{"line":392,"column":5}},"114":{"start":{"line":391,"column":6},"end":{"line":391,"column":25}},"115":{"start":{"line":396,"column":42},"end":{"line":396,"column":52}},"116":{"start":{"line":397,"column":19},"end":{"line":397,"column":48}},"117":{"start":{"line":399,"column":4},"end":{"line":401,"column":5}},"118":{"start":{"line":400,"column":6},"end":{"line":400,"column":33}},"119":{"start":{"line":403,"column":4},"end":{"line":408,"column":7}},"120":{"start":{"line":412,"column":18},"end":{"line":412,"column":28}},"121":{"start":{"line":413,"column":33},"end":{"line":413,"column":43}},"122":{"start":{"line":415,"column":4},"end":{"line":417,"column":5}},"123":{"start":{"line":416,"column":6},"end":{"line":416,"column":35}},"124":{"start":{"line":421,"column":35},"end":{"line":421,"column":45}},"125":{"start":{"line":422,"column":57},"end":{"line":422,"column":67}},"126":{"start":{"line":424,"column":4},"end":{"line":424,"column":47}},"127":{"start":{"line":428,"column":37},"end":{"line":428,"column":47}},"128":{"start":{"line":429,"column":23},"end":{"line":429,"column":42}},"129":{"start":{"line":431,"column":4},"end":{"line":433,"column":5}},"130":{"start":{"line":432,"column":6},"end":{"line":432,"column":20}},"131":{"start":{"line":435,"column":4},"end":{"line":441,"column":6}},"132":{"start":{"line":445,"column":16},"end":{"line":445,"column":18}},"133":{"start":{"line":447,"column":4},"end":{"line":455,"column":5}},"134":{"start":{"line":448,"column":6},"end":{"line":450,"column":7}},"135":{"start":{"line":449,"column":8},"end":{"line":449,"column":17}},"136":{"start":{"line":452,"column":6},"end":{"line":454,"column":7}},"137":{"start":{"line":453,"column":8},"end":{"line":453,"column":37}},"138":{"start":{"line":457,"column":4},"end":{"line":457,"column":17}},"139":{"start":{"line":461,"column":64},"end":{"line":461,"column":74}},"140":{"start":{"line":463,"column":16},"end":{"line":463,"column":75}},"141":{"start":{"line":465,"column":16},"end":{"line":470,"column":5}},"142":{"start":{"line":472,"column":4},"end":{"line":482,"column":5}},"143":{"start":{"line":473,"column":23},"end":{"line":473,"column":37}},"144":{"start":{"line":474,"column":19},"end":{"line":474,"column":48}},"145":{"start":{"line":476,"column":6},"end":{"line":476,"column":33}},"146":{"start":{"line":477,"column":6},"end":{"line":481,"column":8}},"147":{"start":{"line":484,"column":4},"end":{"line":484,"column":17}},"148":{"start":{"line":488,"column":17},"end":{"line":488,"column":35}},"149":{"start":{"line":490,"column":59},"end":{"line":490,"column":69}},"150":{"start":{"line":492,"column":4},"end":{"line":501,"column":6}},"151":{"start":{"line":505,"column":4},"end":{"line":505,"column":31}},"152":{"start":{"line":509,"column":36},"end":{"line":509,"column":46}},"153":{"start":{"line":511,"column":4},"end":{"line":511,"column":76}},"154":{"start":{"line":515,"column":27},"end":{"line":515,"column":37}},"155":{"start":{"line":521,"column":8},"end":{"line":521,"column":18}},"156":{"start":{"line":523,"column":4},"end":{"line":525,"column":5}},"157":{"start":{"line":524,"column":6},"end":{"line":524,"column":18}},"158":{"start":{"line":527,"column":16},"end":{"line":533,"column":5}},"159":{"start":{"line":535,"column":4},"end":{"line":535,"column":45}},"160":{"start":{"line":539,"column":34},"end":{"line":539,"column":44}},"161":{"start":{"line":548,"column":8},"end":{"line":548,"column":18}},"162":{"start":{"line":550,"column":26},"end":{"line":550,"column":38}},"163":{"start":{"line":551,"column":23},"end":{"line":551,"column":42}},"164":{"start":{"line":553,"column":25},"end":{"line":556,"column":5}},"165":{"start":{"line":558,"column":21},"end":{"line":562,"column":5}},"166":{"start":{"line":564,"column":23},"end":{"line":568,"column":5}},"167":{"start":{"line":570,"column":22},"end":{"line":576,"column":5}},"168":{"start":{"line":578,"column":4},"end":{"line":583,"column":6}},"169":{"start":{"line":592,"column":8},"end":{"line":592,"column":18}},"170":{"start":{"line":594,"column":16},"end":{"line":594,"column":33}},"171":{"start":{"line":595,"column":21},"end":{"line":595,"column":38}},"172":{"start":{"line":597,"column":4},"end":{"line":611,"column":6}},"173":{"start":{"line":615,"column":43},"end":{"line":615,"column":53}},"174":{"start":{"line":629,"column":8},"end":{"line":629,"column":18}},"175":{"start":{"line":631,"column":21},"end":{"line":631,"column":40}},"176":{"start":{"line":632,"column":23},"end":{"line":632,"column":42}},"177":{"start":{"line":634,"column":30},"end":{"line":640,"column":5}},"178":{"start":{"line":642,"column":25},"end":{"line":647,"column":5}},"179":{"start":{"line":644,"column":39},"end":{"line":644,"column":43}},"180":{"start":{"line":649,"column":30},"end":{"line":655,"column":5}},"181":{"start":{"line":657,"column":21},"end":{"line":668,"column":5}},"182":{"start":{"line":670,"column":20},"end":{"line":679,"column":5}},"183":{"start":{"line":681,"column":4},"end":{"line":702,"column":6}}},"fnMap":{"0":{"name":"startAnimation","decl":{"start":{"line":21,"column":9},"end":{"line":21,"column":23}},"loc":{"start":{"line":21,"column":54},"end":{"line":23,"column":1}},"line":21},"1":{"name":"labelStateFromProps","decl":{"start":{"line":25,"column":9},"end":{"line":25,"column":28}},"loc":{"start":{"line":25,"column":43},"end":{"line":30,"column":1}},"line":25},"2":{"name":"errorStateFromProps","decl":{"start":{"line":32,"column":9},"end":{"line":32,"column":28}},"loc":{"start":{"line":32,"column":43},"end":{"line":36,"column":1}},"line":32},"3":{"name":"(anonymous_3)","decl":{"start":{"line":138,"column":2},"end":{"line":138,"column":3}},"loc":{"start":{"line":138,"column":50},"end":{"line":145,"column":3}},"line":138},"4":{"name":"(anonymous_4)","decl":{"start":{"line":147,"column":2},"end":{"line":147,"column":3}},"loc":{"start":{"line":147,"column":21},"end":{"line":181,"column":3}},"line":147},"5":{"name":"(anonymous_5)","decl":{"start":{"line":183,"column":2},"end":{"line":183,"column":3}},"loc":{"start":{"line":183,"column":21},"end":{"line":190,"column":3}},"line":183},"6":{"name":"(anonymous_6)","decl":{"start":{"line":184,"column":17},"end":{"line":184,"column":18}},"loc":{"start":{"line":184,"column":23},"end":{"line":189,"column":5}},"line":184},"7":{"name":"(anonymous_7)","decl":{"start":{"line":192,"column":2},"end":{"line":192,"column":3}},"loc":{"start":{"line":192,"column":22},"end":{"line":194,"column":3}},"line":192},"8":{"name":"(anonymous_8)","decl":{"start":{"line":196,"column":2},"end":{"line":196,"column":3}},"loc":{"start":{"line":196,"column":25},"end":{"line":198,"column":3}},"line":196},"9":{"name":"(anonymous_9)","decl":{"start":{"line":200,"column":2},"end":{"line":200,"column":3}},"loc":{"start":{"line":200,"column":43},"end":{"line":214,"column":3}},"line":200},"10":{"name":"(anonymous_10)","decl":{"start":{"line":216,"column":2},"end":{"line":216,"column":3}},"loc":{"start":{"line":216,"column":24},"end":{"line":226,"column":3}},"line":216},"11":{"name":"(anonymous_11)","decl":{"start":{"line":228,"column":2},"end":{"line":228,"column":3}},"loc":{"start":{"line":228,"column":24},"end":{"line":239,"column":3}},"line":228},"12":{"name":"(anonymous_12)","decl":{"start":{"line":241,"column":2},"end":{"line":241,"column":3}},"loc":{"start":{"line":241,"column":24},"end":{"line":245,"column":3}},"line":241},"13":{"name":"(anonymous_13)","decl":{"start":{"line":247,"column":2},"end":{"line":247,"column":3}},"loc":{"start":{"line":247,"column":15},"end":{"line":253,"column":3}},"line":247},"14":{"name":"(anonymous_14)","decl":{"start":{"line":255,"column":2},"end":{"line":255,"column":3}},"loc":{"start":{"line":255,"column":15},"end":{"line":261,"column":3}},"line":255},"15":{"name":"(anonymous_15)","decl":{"start":{"line":263,"column":2},"end":{"line":263,"column":3}},"loc":{"start":{"line":263,"column":10},"end":{"line":270,"column":3}},"line":263},"16":{"name":"(anonymous_16)","decl":{"start":{"line":272,"column":2},"end":{"line":272,"column":3}},"loc":{"start":{"line":272,"column":9},"end":{"line":276,"column":3}},"line":272},"17":{"name":"(anonymous_17)","decl":{"start":{"line":278,"column":2},"end":{"line":278,"column":3}},"loc":{"start":{"line":278,"column":10},"end":{"line":285,"column":3}},"line":278},"18":{"name":"(anonymous_18)","decl":{"start":{"line":287,"column":2},"end":{"line":287,"column":3}},"loc":{"start":{"line":287,"column":10},"end":{"line":298,"column":3}},"line":287},"19":{"name":"(anonymous_19)","decl":{"start":{"line":300,"column":2},"end":{"line":300,"column":3}},"loc":{"start":{"line":300,"column":17},"end":{"line":302,"column":3}},"line":300},"20":{"name":"(anonymous_20)","decl":{"start":{"line":304,"column":2},"end":{"line":304,"column":3}},"loc":{"start":{"line":304,"column":14},"end":{"line":308,"column":3}},"line":304},"21":{"name":"(anonymous_21)","decl":{"start":{"line":310,"column":2},"end":{"line":310,"column":3}},"loc":{"start":{"line":310,"column":17},"end":{"line":315,"column":3}},"line":310},"22":{"name":"(anonymous_22)","decl":{"start":{"line":317,"column":2},"end":{"line":317,"column":3}},"loc":{"start":{"line":317,"column":14},"end":{"line":319,"column":3}},"line":317},"23":{"name":"(anonymous_23)","decl":{"start":{"line":321,"column":2},"end":{"line":321,"column":3}},"loc":{"start":{"line":321,"column":21},"end":{"line":326,"column":3}},"line":321},"24":{"name":"(anonymous_24)","decl":{"start":{"line":328,"column":2},"end":{"line":328,"column":3}},"loc":{"start":{"line":328,"column":25},"end":{"line":332,"column":3}},"line":328},"25":{"name":"(anonymous_25)","decl":{"start":{"line":334,"column":2},"end":{"line":334,"column":3}},"loc":{"start":{"line":334,"column":18},"end":{"line":336,"column":3}},"line":334},"26":{"name":"(anonymous_26)","decl":{"start":{"line":338,"column":2},"end":{"line":338,"column":3}},"loc":{"start":{"line":338,"column":17},"end":{"line":358,"column":3}},"line":338},"27":{"name":"(anonymous_27)","decl":{"start":{"line":360,"column":2},"end":{"line":360,"column":3}},"loc":{"start":{"line":360,"column":16},"end":{"line":371,"column":3}},"line":360},"28":{"name":"(anonymous_28)","decl":{"start":{"line":373,"column":2},"end":{"line":373,"column":3}},"loc":{"start":{"line":373,"column":18},"end":{"line":379,"column":3}},"line":373},"29":{"name":"(anonymous_29)","decl":{"start":{"line":381,"column":2},"end":{"line":381,"column":3}},"loc":{"start":{"line":381,"column":21},"end":{"line":393,"column":3}},"line":381},"30":{"name":"(anonymous_30)","decl":{"start":{"line":395,"column":2},"end":{"line":395,"column":3}},"loc":{"start":{"line":395,"column":29},"end":{"line":409,"column":3}},"line":395},"31":{"name":"(anonymous_31)","decl":{"start":{"line":411,"column":2},"end":{"line":411,"column":3}},"loc":{"start":{"line":411,"column":24},"end":{"line":418,"column":3}},"line":411},"32":{"name":"(anonymous_32)","decl":{"start":{"line":420,"column":2},"end":{"line":420,"column":3}},"loc":{"start":{"line":420,"column":16},"end":{"line":425,"column":3}},"line":420},"33":{"name":"(anonymous_33)","decl":{"start":{"line":427,"column":2},"end":{"line":427,"column":3}},"loc":{"start":{"line":427,"column":25},"end":{"line":442,"column":3}},"line":427},"34":{"name":"(anonymous_34)","decl":{"start":{"line":444,"column":2},"end":{"line":444,"column":3}},"loc":{"start":{"line":444,"column":15},"end":{"line":458,"column":3}},"line":444},"35":{"name":"(anonymous_35)","decl":{"start":{"line":460,"column":2},"end":{"line":460,"column":3}},"loc":{"start":{"line":460,"column":15},"end":{"line":485,"column":3}},"line":460},"36":{"name":"(anonymous_36)","decl":{"start":{"line":487,"column":2},"end":{"line":487,"column":3}},"loc":{"start":{"line":487,"column":21},"end":{"line":502,"column":3}},"line":487},"37":{"name":"(anonymous_37)","decl":{"start":{"line":504,"column":2},"end":{"line":504,"column":3}},"loc":{"start":{"line":504,"column":20},"end":{"line":506,"column":3}},"line":504},"38":{"name":"(anonymous_38)","decl":{"start":{"line":508,"column":2},"end":{"line":508,"column":3}},"loc":{"start":{"line":508,"column":24},"end":{"line":512,"column":3}},"line":508},"39":{"name":"(anonymous_39)","decl":{"start":{"line":514,"column":2},"end":{"line":514,"column":3}},"loc":{"start":{"line":514,"column":20},"end":{"line":536,"column":3}},"line":514},"40":{"name":"(anonymous_40)","decl":{"start":{"line":538,"column":2},"end":{"line":538,"column":3}},"loc":{"start":{"line":538,"column":17},"end":{"line":584,"column":3}},"line":538},"41":{"name":"(anonymous_41)","decl":{"start":{"line":586,"column":2},"end":{"line":586,"column":3}},"loc":{"start":{"line":586,"column":16},"end":{"line":612,"column":3}},"line":586},"42":{"name":"(anonymous_42)","decl":{"start":{"line":614,"column":2},"end":{"line":614,"column":3}},"loc":{"start":{"line":614,"column":11},"end":{"line":703,"column":3}},"line":614},"43":{"name":"(anonymous_43)","decl":{"start":{"line":644,"column":33},"end":{"line":644,"column":34}},"loc":{"start":{"line":644,"column":39},"end":{"line":644,"column":43}},"line":644}},"branchMap":{"0":{"loc":{"start":{"line":29,"column":12},"end":{"line":29,"column":67}},"type":"binary-expr","locations":[{"start":{"line":29,"column":12},"end":{"line":29,"column":23}},{"start":{"line":29,"column":27},"end":{"line":29,"column":31}},{"start":{"line":29,"column":36},"end":{"line":29,"column":50}},{"start":{"line":29,"column":54},"end":{"line":29,"column":66}}],"line":29},"1":{"loc":{"start":{"line":117,"column":21},"end":{"line":117,"column":52}},"type":"binary-expr","locations":[{"start":{"line":117,"column":21},"end":{"line":117,"column":34}},{"start":{"line":117,"column":38},"end":{"line":117,"column":52}}],"line":117},"2":{"loc":{"start":{"line":118,"column":26},"end":{"line":118,"column":57}},"type":"binary-expr","locations":[{"start":{"line":118,"column":26},"end":{"line":118,"column":39}},{"start":{"line":118,"column":43},"end":{"line":118,"column":57}}],"line":118},"3":{"loc":{"start":{"line":140,"column":4},"end":{"line":142,"column":5}},"type":"if","locations":[{"start":{"line":140,"column":4},"end":{"line":142,"column":5}},{"start":{"line":140,"column":4},"end":{"line":142,"column":5}}],"line":140},"4":{"loc":{"start":{"line":140,"column":8},"end":{"line":140,"column":38}},"type":"binary-expr","locations":[{"start":{"line":140,"column":8},"end":{"line":140,"column":13}},{"start":{"line":140,"column":17},"end":{"line":140,"column":38}}],"line":140},"5":{"loc":{"start":{"line":167,"column":21},"end":{"line":167,"column":68}},"type":"cond-expr","locations":[{"start":{"line":167,"column":63},"end":{"line":167,"column":64}},{"start":{"line":167,"column":67},"end":{"line":167,"column":68}}],"line":167},"6":{"loc":{"start":{"line":168,"column":21},"end":{"line":168,"column":61}},"type":"cond-expr","locations":[{"start":{"line":168,"column":55},"end":{"line":168,"column":57}},{"start":{"line":168,"column":60},"end":{"line":168,"column":61}}],"line":168},"7":{"loc":{"start":{"line":204,"column":4},"end":{"line":206,"column":5}},"type":"if","locations":[{"start":{"line":204,"column":4},"end":{"line":206,"column":5}},{"start":{"line":204,"column":4},"end":{"line":206,"column":5}}],"line":204},"8":{"loc":{"start":{"line":211,"column":4},"end":{"line":213,"column":5}},"type":"if","locations":[{"start":{"line":211,"column":4},"end":{"line":213,"column":5}},{"start":{"line":211,"column":4},"end":{"line":213,"column":5}}],"line":211},"9":{"loc":{"start":{"line":248,"column":4},"end":{"line":250,"column":5}},"type":"if","locations":[{"start":{"line":248,"column":4},"end":{"line":250,"column":5}},{"start":{"line":248,"column":4},"end":{"line":250,"column":5}}],"line":248},"10":{"loc":{"start":{"line":252,"column":11},"end":{"line":252,"column":31}},"type":"cond-expr","locations":[{"start":{"line":252,"column":26},"end":{"line":252,"column":27}},{"start":{"line":252,"column":30},"end":{"line":252,"column":31}}],"line":252},"11":{"loc":{"start":{"line":256,"column":4},"end":{"line":258,"column":5}},"type":"if","locations":[{"start":{"line":256,"column":4},"end":{"line":258,"column":5}},{"start":{"line":256,"column":4},"end":{"line":258,"column":5}}],"line":256},"12":{"loc":{"start":{"line":260,"column":11},"end":{"line":260,"column":31}},"type":"cond-expr","locations":[{"start":{"line":260,"column":26},"end":{"line":260,"column":27}},{"start":{"line":260,"column":30},"end":{"line":260,"column":31}}],"line":260},"13":{"loc":{"start":{"line":267,"column":4},"end":{"line":269,"column":5}},"type":"if","locations":[{"start":{"line":267,"column":4},"end":{"line":269,"column":5}},{"start":{"line":267,"column":4},"end":{"line":269,"column":5}}],"line":267},"14":{"loc":{"start":{"line":267,"column":8},"end":{"line":267,"column":29}},"type":"binary-expr","locations":[{"start":{"line":267,"column":8},"end":{"line":267,"column":17}},{"start":{"line":267,"column":21},"end":{"line":267,"column":29}}],"line":267},"15":{"loc":{"start":{"line":291,"column":16},"end":{"line":291,"column":61}},"type":"cond-expr","locations":[{"start":{"line":291,"column":42},"end":{"line":291,"column":54}},{"start":{"line":291,"column":57},"end":{"line":291,"column":61}}],"line":291},"16":{"loc":{"start":{"line":293,"column":4},"end":{"line":295,"column":5}},"type":"if","locations":[{"start":{"line":293,"column":4},"end":{"line":295,"column":5}},{"start":{"line":293,"column":4},"end":{"line":295,"column":5}}],"line":293},"17":{"loc":{"start":{"line":297,"column":11},"end":{"line":297,"column":60}},"type":"cond-expr","locations":[{"start":{"line":297,"column":39},"end":{"line":297,"column":44}},{"start":{"line":297,"column":47},"end":{"line":297,"column":60}}],"line":297},"18":{"loc":{"start":{"line":325,"column":11},"end":{"line":325,"column":65}},"type":"binary-expr","locations":[{"start":{"line":325,"column":11},"end":{"line":325,"column":25}},{"start":{"line":325,"column":29},"end":{"line":325,"column":41}},{"start":{"line":325,"column":45},"end":{"line":325,"column":65}}],"line":325},"19":{"loc":{"start":{"line":331,"column":11},"end":{"line":331,"column":56}},"type":"binary-expr","locations":[{"start":{"line":331,"column":11},"end":{"line":331,"column":22}},{"start":{"line":331,"column":26},"end":{"line":331,"column":39}},{"start":{"line":331,"column":43},"end":{"line":331,"column":56}}],"line":331},"20":{"loc":{"start":{"line":342,"column":4},"end":{"line":344,"column":5}},"type":"if","locations":[{"start":{"line":342,"column":4},"end":{"line":344,"column":5}},{"start":{"line":342,"column":4},"end":{"line":344,"column":5}}],"line":342},"21":{"loc":{"start":{"line":346,"column":4},"end":{"line":348,"column":5}},"type":"if","locations":[{"start":{"line":346,"column":4},"end":{"line":348,"column":5}},{"start":{"line":346,"column":4},"end":{"line":348,"column":5}}],"line":346},"22":{"loc":{"start":{"line":355,"column":4},"end":{"line":357,"column":5}},"type":"if","locations":[{"start":{"line":355,"column":4},"end":{"line":357,"column":5}},{"start":{"line":355,"column":4},"end":{"line":357,"column":5}}],"line":355},"23":{"loc":{"start":{"line":363,"column":4},"end":{"line":365,"column":5}},"type":"if","locations":[{"start":{"line":363,"column":4},"end":{"line":365,"column":5}},{"start":{"line":363,"column":4},"end":{"line":365,"column":5}}],"line":363},"24":{"loc":{"start":{"line":376,"column":4},"end":{"line":378,"column":5}},"type":"if","locations":[{"start":{"line":376,"column":4},"end":{"line":378,"column":5}},{"start":{"line":376,"column":4},"end":{"line":378,"column":5}}],"line":376},"25":{"loc":{"start":{"line":384,"column":4},"end":{"line":386,"column":5}},"type":"if","locations":[{"start":{"line":384,"column":4},"end":{"line":386,"column":5}},{"start":{"line":384,"column":4},"end":{"line":386,"column":5}}],"line":384},"26":{"loc":{"start":{"line":390,"column":4},"end":{"line":392,"column":5}},"type":"if","locations":[{"start":{"line":390,"column":4},"end":{"line":392,"column":5}},{"start":{"line":390,"column":4},"end":{"line":392,"column":5}}],"line":390},"27":{"loc":{"start":{"line":399,"column":4},"end":{"line":401,"column":5}},"type":"if","locations":[{"start":{"line":399,"column":4},"end":{"line":401,"column":5}},{"start":{"line":399,"column":4},"end":{"line":401,"column":5}}],"line":399},"28":{"loc":{"start":{"line":415,"column":4},"end":{"line":417,"column":5}},"type":"if","locations":[{"start":{"line":415,"column":4},"end":{"line":417,"column":5}},{"start":{"line":415,"column":4},"end":{"line":417,"column":5}}],"line":415},"29":{"loc":{"start":{"line":415,"column":8},"end":{"line":415,"column":47}},"type":"binary-expr","locations":[{"start":{"line":415,"column":8},"end":{"line":415,"column":20}},{"start":{"line":415,"column":24},"end":{"line":415,"column":30}},{"start":{"line":415,"column":34},"end":{"line":415,"column":47}}],"line":415},"30":{"loc":{"start":{"line":422,"column":30},"end":{"line":422,"column":53}},"type":"default-arg","locations":[{"start":{"line":422,"column":39},"end":{"line":422,"column":53}}],"line":422},"31":{"loc":{"start":{"line":424,"column":11},"end":{"line":424,"column":46}},"type":"cond-expr","locations":[{"start":{"line":424,"column":23},"end":{"line":424,"column":29}},{"start":{"line":424,"column":32},"end":{"line":424,"column":46}}],"line":424},"32":{"loc":{"start":{"line":431,"column":4},"end":{"line":433,"column":5}},"type":"if","locations":[{"start":{"line":431,"column":4},"end":{"line":433,"column":5}},{"start":{"line":431,"column":4},"end":{"line":433,"column":5}}],"line":431},"33":{"loc":{"start":{"line":431,"column":8},"end":{"line":431,"column":42}},"type":"binary-expr","locations":[{"start":{"line":431,"column":8},"end":{"line":431,"column":29}},{"start":{"line":431,"column":33},"end":{"line":431,"column":42}}],"line":431},"34":{"loc":{"start":{"line":448,"column":6},"end":{"line":450,"column":7}},"type":"if","locations":[{"start":{"line":448,"column":6},"end":{"line":450,"column":7}},{"start":{"line":448,"column":6},"end":{"line":450,"column":7}}],"line":448},"35":{"loc":{"start":{"line":452,"column":6},"end":{"line":454,"column":7}},"type":"if","locations":[{"start":{"line":452,"column":6},"end":{"line":454,"column":7}},{"start":{"line":452,"column":6},"end":{"line":454,"column":7}}],"line":452},"36":{"loc":{"start":{"line":463,"column":16},"end":{"line":463,"column":75}},"type":"cond-expr","locations":[{"start":{"line":463,"column":54},"end":{"line":463,"column":63}},{"start":{"line":463,"column":66},"end":{"line":463,"column":75}}],"line":463},"37":{"loc":{"start":{"line":463,"column":16},"end":{"line":463,"column":51}},"type":"binary-expr","locations":[{"start":{"line":463,"column":16},"end":{"line":463,"column":24}},{"start":{"line":463,"column":28},"end":{"line":463,"column":51}}],"line":463},"38":{"loc":{"start":{"line":472,"column":4},"end":{"line":482,"column":5}},"type":"if","locations":[{"start":{"line":472,"column":4},"end":{"line":482,"column":5}},{"start":{"line":472,"column":4},"end":{"line":482,"column":5}}],"line":472},"39":{"loc":{"start":{"line":474,"column":19},"end":{"line":474,"column":48}},"type":"cond-expr","locations":[{"start":{"line":474,"column":43},"end":{"line":474,"column":44}},{"start":{"line":474,"column":47},"end":{"line":474,"column":48}}],"line":474},"40":{"loc":{"start":{"line":511,"column":11},"end":{"line":511,"column":75}},"type":"cond-expr","locations":[{"start":{"line":511,"column":51},"end":{"line":511,"column":68}},{"start":{"line":511,"column":71},"end":{"line":511,"column":75}}],"line":511},"41":{"loc":{"start":{"line":523,"column":4},"end":{"line":525,"column":5}},"type":"if","locations":[{"start":{"line":523,"column":4},"end":{"line":525,"column":5}},{"start":{"line":523,"column":4},"end":{"line":525,"column":5}}],"line":523},"42":{"loc":{"start":{"line":602,"column":18},"end":{"line":602,"column":39}},"type":"binary-expr","locations":[{"start":{"line":602,"column":18},"end":{"line":602,"column":27}},{"start":{"line":602,"column":31},"end":{"line":602,"column":39}}],"line":602},"43":{"loc":{"start":{"line":646,"column":21},"end":{"line":646,"column":60}},"type":"cond-expr","locations":[{"start":{"line":646,"column":45},"end":{"line":646,"column":51}},{"start":{"line":646,"column":54},"end":{"line":646,"column":60}}],"line":646},"44":{"loc":{"start":{"line":646,"column":21},"end":{"line":646,"column":42}},"type":"binary-expr","locations":[{"start":{"line":646,"column":21},"end":{"line":646,"column":30}},{"start":{"line":646,"column":34},"end":{"line":646,"column":42}}],"line":646}},"s":{"0":0,"1":20,"2":20,"3":20,"4":20,"5":20,"6":3,"7":3,"8":3,"9":3,"10":3,"11":20,"12":0,"13":20,"14":20,"15":20,"16":20,"17":20,"18":20,"19":20,"20":20,"21":20,"22":20,"23":20,"24":20,"25":20,"26":20,"27":20,"28":20,"29":20,"30":20,"31":40,"32":80,"33":80,"34":80,"35":20,"36":0,"37":0,"38":0,"39":0,"40":0,"41":0,"42":0,"43":0,"44":0,"45":0,"46":0,"47":0,"48":0,"49":0,"50":0,"51":0,"52":0,"53":0,"54":0,"55":0,"56":0,"57":0,"58":0,"59":0,"60":0,"61":0,"62":0,"63":0,"64":0,"65":0,"66":0,"67":0,"68":0,"69":0,"70":60,"71":60,"72":60,"73":60,"74":27,"75":33,"76":0,"77":0,"78":0,"79":20,"80":20,"81":20,"82":0,"83":78,"84":78,"85":78,"86":0,"87":0,"88":0,"89":0,"90":0,"91":0,"92":0,"93":0,"94":0,"95":0,"96":0,"97":0,"98":0,"99":0,"100":0,"101":0,"102":0,"103":0,"104":0,"105":0,"106":0,"107":0,"108":0,"109":0,"110":0,"111":0,"112":0,"113":0,"114":0,"115":0,"116":0,"117":0,"118":0,"119":0,"120":0,"121":0,"122":0,"123":0,"124":40,"125":40,"126":40,"127":20,"128":20,"129":20,"130":0,"131":20,"132":20,"133":20,"134":1740,"135":20,"136":1720,"137":92,"138":20,"139":20,"140":20,"141":20,"142":20,"143":1,"144":1,"145":1,"146":1,"147":20,"148":20,"149":20,"150":20,"151":13,"152":40,"153":40,"154":40,"155":40,"156":40,"157":38,"158":2,"159":2,"160":20,"161":20,"162":20,"163":20,"164":20,"165":20,"166":20,"167":20,"168":20,"169":20,"170":20,"171":20,"172":20,"173":20,"174":20,"175":20,"176":20,"177":20,"178":20,"179":0,"180":20,"181":20,"182":20,"183":20},"f":{"0":0,"1":20,"2":20,"3":20,"4":20,"5":40,"6":80,"7":20,"8":0,"9":0,"10":0,"11":0,"12":0,"13":0,"14":0,"15":0,"16":0,"17":0,"18":60,"19":0,"20":0,"21":20,"22":0,"23":78,"24":0,"25":0,"26":0,"27":0,"28":0,"29":0,"30":0,"31":0,"32":40,"33":20,"34":20,"35":20,"36":20,"37":13,"38":40,"39":40,"40":20,"41":20,"42":20,"43":0},"b":{"0":[20,20,10,10],"1":[3,0],"2":[3,0],"3":[0,20],"4":[20,1],"5":[11,9],"6":[1,19],"7":[0,0],"8":[0,0],"9":[0,0],"10":[0,0],"11":[0,0],"12":[0,0],"13":[0,0],"14":[0,0],"15":[3,57],"16":[27,33],"17":[33,0],"18":[78,78,40],"19":[0,0,0],"20":[0,0],"21":[0,0],"22":[0,0],"23":[0,0],"24":[0,0],"25":[0,0],"26":[0,0],"27":[0,0],"28":[0,0],"29":[0,0,0],"30":[40],"31":[2,38],"32":[0,20],"33":[20,0],"34":[20,1720],"35":[92,1628],"36":[3,17],"37":[20,18],"38":[1,19],"39":[1,0],"40":[3,37],"41":[38,2],"42":[20,18],"43":[18,2],"44":[20,18]},"_coverageSchema":"1a1c01bbd47fc00a2c39e90264f33305004495a9","hash":"613e3c7239e7ca35db46508fb50c14557f956d75"}
,"D:\\RepoApp\\app\\uikit\\TextField\\field\\styles.js": {"path":"D:\\RepoApp\\app\\uikit\\TextField\\field\\styles.js","statementMap":{},"fnMap":{},"branchMap":{"0":{"loc":{"start":{"line":16,"column":15},"end":{"line":18,"column":12}},"type":"cond-expr","locations":[{"start":{"line":17,"column":6},"end":{"line":17,"column":13}},{"start":{"line":18,"column":6},"end":{"line":18,"column":12}}],"line":16}},"s":{},"f":{},"b":{"0":[0,3]},"_coverageSchema":"1a1c01bbd47fc00a2c39e90264f33305004495a9","hash":"36b08b4bc9979a3632a952ebdb0b9010a132dc13"}
,"D:\\RepoApp\\app\\uikit\\TextField\\helper\\index.js": {"path":"D:\\RepoApp\\app\\uikit\\TextField\\helper\\index.js","statementMap":{"0":{"start":{"line":8,"column":21},"end":{"line":20,"column":3}},"1":{"start":{"line":23,"column":4},"end":{"line":23,"column":17}},"2":{"start":{"line":25,"column":34},"end":{"line":25,"column":44}},"3":{"start":{"line":27,"column":18},"end":{"line":31,"column":6}},"4":{"start":{"line":33,"column":4},"end":{"line":36,"column":6}},"5":{"start":{"line":40,"column":27},"end":{"line":40,"column":37}},"6":{"start":{"line":42,"column":4},"end":{"line":42,"column":76}},"7":{"start":{"line":46,"column":27},"end":{"line":46,"column":37}},"8":{"start":{"line":48,"column":4},"end":{"line":48,"column":49}},"9":{"start":{"line":52,"column":4},"end":{"line":54,"column":5}},"10":{"start":{"line":53,"column":6},"end":{"line":53,"column":37}},"11":{"start":{"line":56,"column":4},"end":{"line":58,"column":5}},"12":{"start":{"line":57,"column":6},"end":{"line":57,"column":38}},"13":{"start":{"line":60,"column":4},"end":{"line":60,"column":32}},"14":{"start":{"line":64,"column":29},"end":{"line":64,"column":39}},"15":{"start":{"line":65,"column":65},"end":{"line":65,"column":75}},"16":{"start":{"line":67,"column":15},"end":{"line":67,"column":38}},"17":{"start":{"line":69,"column":4},"end":{"line":71,"column":5}},"18":{"start":{"line":70,"column":6},"end":{"line":70,"column":18}},"19":{"start":{"line":73,"column":20},"end":{"line":77,"column":5}},"20":{"start":{"line":79,"column":4},"end":{"line":83,"column":6}}},"fnMap":{"0":{"name":"(anonymous_0)","decl":{"start":{"line":22,"column":2},"end":{"line":22,"column":3}},"loc":{"start":{"line":22,"column":21},"end":{"line":37,"column":3}},"line":22},"1":{"name":"(anonymous_1)","decl":{"start":{"line":39,"column":2},"end":{"line":39,"column":3}},"loc":{"start":{"line":39,"column":22},"end":{"line":43,"column":3}},"line":39},"2":{"name":"(anonymous_2)","decl":{"start":{"line":45,"column":2},"end":{"line":45,"column":3}},"loc":{"start":{"line":45,"column":25},"end":{"line":49,"column":3}},"line":45},"3":{"name":"(anonymous_3)","decl":{"start":{"line":51,"column":2},"end":{"line":51,"column":3}},"loc":{"start":{"line":51,"column":23},"end":{"line":61,"column":3}},"line":51},"4":{"name":"(anonymous_4)","decl":{"start":{"line":63,"column":2},"end":{"line":63,"column":3}},"loc":{"start":{"line":63,"column":11},"end":{"line":84,"column":3}},"line":63}},"branchMap":{"0":{"loc":{"start":{"line":52,"column":4},"end":{"line":54,"column":5}},"type":"if","locations":[{"start":{"line":52,"column":4},"end":{"line":54,"column":5}},{"start":{"line":52,"column":4},"end":{"line":54,"column":5}}],"line":52},"1":{"loc":{"start":{"line":52,"column":8},"end":{"line":52,"column":51}},"type":"binary-expr","locations":[{"start":{"line":52,"column":8},"end":{"line":52,"column":34}},{"start":{"line":52,"column":38},"end":{"line":52,"column":51}}],"line":52},"2":{"loc":{"start":{"line":56,"column":4},"end":{"line":58,"column":5}},"type":"if","locations":[{"start":{"line":56,"column":4},"end":{"line":58,"column":5}},{"start":{"line":56,"column":4},"end":{"line":58,"column":5}}],"line":56},"3":{"loc":{"start":{"line":56,"column":8},"end":{"line":56,"column":51}},"type":"binary-expr","locations":[{"start":{"line":56,"column":8},"end":{"line":56,"column":34}},{"start":{"line":56,"column":38},"end":{"line":56,"column":51}}],"line":56},"4":{"loc":{"start":{"line":67,"column":15},"end":{"line":67,"column":38}},"type":"cond-expr","locations":[{"start":{"line":67,"column":25},"end":{"line":67,"column":30}},{"start":{"line":67,"column":33},"end":{"line":67,"column":38}}],"line":67},"5":{"loc":{"start":{"line":69,"column":4},"end":{"line":71,"column":5}},"type":"if","locations":[{"start":{"line":69,"column":4},"end":{"line":71,"column":5}},{"start":{"line":69,"column":4},"end":{"line":71,"column":5}}],"line":69},"6":{"loc":{"start":{"line":76,"column":13},"end":{"line":76,"column":58}},"type":"cond-expr","locations":[{"start":{"line":76,"column":36},"end":{"line":76,"column":46}},{"start":{"line":76,"column":49},"end":{"line":76,"column":58}}],"line":76},"7":{"loc":{"start":{"line":76,"column":13},"end":{"line":76,"column":33}},"type":"binary-expr","locations":[{"start":{"line":76,"column":13},"end":{"line":76,"column":22}},{"start":{"line":76,"column":26},"end":{"line":76,"column":33}}],"line":76}},"s":{"0":4,"1":23,"2":23,"3":23,"4":23,"5":23,"6":23,"7":0,"8":0,"9":0,"10":0,"11":0,"12":0,"13":0,"14":23,"15":23,"16":23,"17":23,"18":17,"19":6,"20":6},"f":{"0":23,"1":23,"2":0,"3":0,"4":23},"b":{"0":[0,0],"1":[0,0],"2":[0,0],"3":[0,0],"4":[2,21],"5":[17,6],"6":[2,4],"7":[6,5]},"_coverageSchema":"1a1c01bbd47fc00a2c39e90264f33305004495a9","hash":"24edfe87af66f21db13fceda8db78972126aaa8b"}
,"D:\\RepoApp\\app\\uikit\\TextField\\helper\\styles.js": {"path":"D:\\RepoApp\\app\\uikit\\TextField\\helper\\styles.js","statementMap":{},"fnMap":{},"branchMap":{},"s":{},"f":{},"b":{},"_coverageSchema":"1a1c01bbd47fc00a2c39e90264f33305004495a9","hash":"6f5c55e23c8344b5e1b3f9295a4b70771be15fbd"}
,"D:\\RepoApp\\app\\uikit\\TextField\\label\\index.js": {"path":"D:\\RepoApp\\app\\uikit\\TextField\\label\\index.js","statementMap":{"0":{"start":{"line":8,"column":24},"end":{"line":12,"column":3}},"1":{"start":{"line":14,"column":21},"end":{"line":44,"column":3}},"2":{"start":{"line":62,"column":8},"end":{"line":62,"column":18}},"3":{"start":{"line":64,"column":4},"end":{"line":66,"column":5}},"4":{"start":{"line":65,"column":6},"end":{"line":65,"column":18}},"5":{"start":{"line":68,"column":16},"end":{"line":75,"column":10}},"6":{"start":{"line":77,"column":20},"end":{"line":81,"column":5}},"7":{"start":{"line":83,"column":27},"end":{"line":83,"column":33}},"8":{"start":{"line":85,"column":4},"end":{"line":85,"column":25}},"9":{"start":{"line":86,"column":4},"end":{"line":86,"column":29}},"10":{"start":{"line":87,"column":4},"end":{"line":87,"column":26}},"11":{"start":{"line":89,"column":25},"end":{"line":110,"column":5}},"12":{"start":{"line":112,"column":4},"end":{"line":118,"column":6}}},"fnMap":{"0":{"name":"(anonymous_0)","decl":{"start":{"line":46,"column":2},"end":{"line":46,"column":3}},"loc":{"start":{"line":46,"column":11},"end":{"line":119,"column":3}},"line":46}},"branchMap":{"0":{"loc":{"start":{"line":64,"column":4},"end":{"line":66,"column":5}},"type":"if","locations":[{"start":{"line":64,"column":4},"end":{"line":66,"column":5}},{"start":{"line":64,"column":4},"end":{"line":66,"column":5}}],"line":64},"1":{"loc":{"start":{"line":68,"column":16},"end":{"line":75,"column":10}},"type":"cond-expr","locations":[{"start":{"line":69,"column":8},"end":{"line":69,"column":17}},{"start":{"line":70,"column":8},"end":{"line":75,"column":10}}],"line":68},"2":{"loc":{"start":{"line":70,"column":8},"end":{"line":75,"column":10}},"type":"cond-expr","locations":[{"start":{"line":71,"column":8},"end":{"line":71,"column":18}},{"start":{"line":72,"column":8},"end":{"line":75,"column":10}}],"line":70}},"s":{"0":4,"1":4,"2":28,"3":28,"4":1,"5":27,"6":27,"7":27,"8":27,"9":27,"10":27,"11":27,"12":27},"f":{"0":28},"b":{"0":[1,27],"1":[2,25],"2":[2,23]},"_coverageSchema":"1a1c01bbd47fc00a2c39e90264f33305004495a9","hash":"75adb749d761911a15c604a7d54a109416f27538"}
,"D:\\RepoApp\\app\\uikit\\TextField\\label\\styles.js": {"path":"D:\\RepoApp\\app\\uikit\\TextField\\label\\styles.js","statementMap":{},"fnMap":{},"branchMap":{},"s":{},"f":{},"b":{},"_coverageSchema":"1a1c01bbd47fc00a2c39e90264f33305004495a9","hash":"d904c4f35754f0180592f4f4f275572703820bc0"}
,"D:\\RepoApp\\app\\uikit\\TextField\\line\\index.js": {"path":"D:\\RepoApp\\app\\uikit\\TextField\\line\\index.js","statementMap":{"0":{"start":{"line":7,"column":18},"end":{"line":7,"column":72}},"1":{"start":{"line":10,"column":24},"end":{"line":16,"column":3}},"2":{"start":{"line":18,"column":21},"end":{"line":34,"column":3}},"3":{"start":{"line":37,"column":58},"end":{"line":37,"column":63}},"4":{"start":{"line":39,"column":23},"end":{"line":44,"column":5}},"5":{"start":{"line":46,"column":4},"end":{"line":48,"column":5}},"6":{"start":{"line":47,"column":6},"end":{"line":47,"column":28}},"7":{"start":{"line":50,"column":4},"end":{"line":50,"column":16}},"8":{"start":{"line":53,"column":10},"end":{"line":53,"column":27}},"9":{"start":{"line":66,"column":8},"end":{"line":66,"column":18}},"10":{"start":{"line":68,"column":4},"end":{"line":73,"column":5}},"11":{"start":{"line":69,"column":6},"end":{"line":72,"column":8}},"12":{"start":{"line":75,"column":4},"end":{"line":80,"column":5}},"13":{"start":{"line":76,"column":6},"end":{"line":79,"column":8}},"14":{"start":{"line":82,"column":4},"end":{"line":92,"column":6}},"15":{"start":{"line":96,"column":25},"end":{"line":96,"column":35}},"16":{"start":{"line":97,"column":49},"end":{"line":97,"column":59}},"17":{"start":{"line":99,"column":22},"end":{"line":99,"column":60}},"18":{"start":{"line":101,"column":4},"end":{"line":103,"column":5}},"19":{"start":{"line":102,"column":6},"end":{"line":102,"column":18}},"20":{"start":{"line":105,"column":29},"end":{"line":108,"column":5}},"21":{"start":{"line":107,"column":12},"end":{"line":107,"column":31}},"22":{"start":{"line":110,"column":20},"end":{"line":117,"column":5}},"23":{"start":{"line":119,"column":4},"end":{"line":123,"column":6}}},"fnMap":{"0":{"name":"(anonymous_0)","decl":{"start":{"line":36,"column":2},"end":{"line":36,"column":3}},"loc":{"start":{"line":36,"column":48},"end":{"line":51,"column":3}},"line":36},"1":{"name":"(anonymous_1)","decl":{"start":{"line":55,"column":2},"end":{"line":55,"column":3}},"loc":{"start":{"line":55,"column":16},"end":{"line":93,"column":3}},"line":55},"2":{"name":"(anonymous_2)","decl":{"start":{"line":95,"column":2},"end":{"line":95,"column":3}},"loc":{"start":{"line":95,"column":11},"end":{"line":124,"column":3}},"line":95},"3":{"name":"(anonymous_3)","decl":{"start":{"line":107,"column":6},"end":{"line":107,"column":7}},"loc":{"start":{"line":107,"column":12},"end":{"line":107,"column":31}},"line":107}},"branchMap":{"0":{"loc":{"start":{"line":46,"column":4},"end":{"line":48,"column":5}},"type":"if","locations":[{"start":{"line":46,"column":4},"end":{"line":48,"column":5}},{"start":{"line":46,"column":4},"end":{"line":48,"column":5}}],"line":46},"1":{"loc":{"start":{"line":68,"column":4},"end":{"line":73,"column":5}},"type":"if","locations":[{"start":{"line":68,"column":4},"end":{"line":73,"column":5}},{"start":{"line":68,"column":4},"end":{"line":73,"column":5}}],"line":68},"2":{"loc":{"start":{"line":75,"column":4},"end":{"line":80,"column":5}},"type":"if","locations":[{"start":{"line":75,"column":4},"end":{"line":80,"column":5}},{"start":{"line":75,"column":4},"end":{"line":80,"column":5}}],"line":75},"3":{"loc":{"start":{"line":99,"column":22},"end":{"line":99,"column":60}},"type":"cond-expr","locations":[{"start":{"line":99,"column":33},"end":{"line":99,"column":49}},{"start":{"line":99,"column":52},"end":{"line":99,"column":60}}],"line":99},"4":{"loc":{"start":{"line":101,"column":4},"end":{"line":103,"column":5}},"type":"if","locations":[{"start":{"line":101,"column":4},"end":{"line":103,"column":5}},{"start":{"line":101,"column":4},"end":{"line":103,"column":5}}],"line":101}},"s":{"0":4,"1":4,"2":4,"3":17,"4":17,"5":17,"6":17,"7":0,"8":17,"9":17,"10":17,"11":2,"12":15,"13":2,"14":13,"15":17,"16":17,"17":17,"18":17,"19":0,"20":17,"21":51,"22":17,"23":17},"f":{"0":17,"1":17,"2":17,"3":51},"b":{"0":[17,0],"1":[2,15],"2":[2,13],"3":[2,15],"4":[0,17]},"_coverageSchema":"1a1c01bbd47fc00a2c39e90264f33305004495a9","hash":"36fa2ec97dfe34e3a78bc7b17214bb2757845152"}
,"D:\\RepoApp\\app\\uikit\\TextField\\line\\styles.js": {"path":"D:\\RepoApp\\app\\uikit\\TextField\\line\\styles.js","statementMap":{},"fnMap":{},"branchMap":{},"s":{},"f":{},"b":{},"_coverageSchema":"1a1c01bbd47fc00a2c39e90264f33305004495a9","hash":"48b084fae42d412400bc04e80891c52056eab871"}
,"D:\\RepoApp\\app\\uikit\\TextField\\outline\\index.js": {"path":"D:\\RepoApp\\app\\uikit\\TextField\\outline\\index.js","statementMap":{"0":{"start":{"line":8,"column":24},"end":{"line":12,"column":3}},"1":{"start":{"line":14,"column":21},"end":{"line":36,"column":3}},"2":{"start":{"line":50,"column":8},"end":{"line":50,"column":18}},"3":{"start":{"line":52,"column":4},"end":{"line":57,"column":5}},"4":{"start":{"line":53,"column":6},"end":{"line":56,"column":8}},"5":{"start":{"line":59,"column":4},"end":{"line":64,"column":5}},"6":{"start":{"line":60,"column":6},"end":{"line":63,"column":8}},"7":{"start":{"line":66,"column":4},"end":{"line":78,"column":6}},"8":{"start":{"line":82,"column":63},"end":{"line":82,"column":73}},"9":{"start":{"line":84,"column":4},"end":{"line":86,"column":5}},"10":{"start":{"line":85,"column":6},"end":{"line":85,"column":18}},"11":{"start":{"line":88,"column":22},"end":{"line":88,"column":64}},"12":{"start":{"line":89,"column":21},"end":{"line":89,"column":58}},"13":{"start":{"line":91,"column":32},"end":{"line":100,"column":5}},"14":{"start":{"line":102,"column":29},"end":{"line":104,"column":5}},"15":{"start":{"line":106,"column":30},"end":{"line":108,"column":5}},"16":{"start":{"line":110,"column":28},"end":{"line":113,"column":5}},"17":{"start":{"line":115,"column":20},"end":{"line":115,"column":38}},"18":{"start":{"line":117,"column":4},"end":{"line":144,"column":6}}},"fnMap":{"0":{"name":"(anonymous_0)","decl":{"start":{"line":38,"column":2},"end":{"line":38,"column":3}},"loc":{"start":{"line":38,"column":16},"end":{"line":79,"column":3}},"line":38},"1":{"name":"(anonymous_1)","decl":{"start":{"line":81,"column":2},"end":{"line":81,"column":3}},"loc":{"start":{"line":81,"column":11},"end":{"line":145,"column":3}},"line":81}},"branchMap":{"0":{"loc":{"start":{"line":52,"column":4},"end":{"line":57,"column":5}},"type":"if","locations":[{"start":{"line":52,"column":4},"end":{"line":57,"column":5}},{"start":{"line":52,"column":4},"end":{"line":57,"column":5}}],"line":52},"1":{"loc":{"start":{"line":59,"column":4},"end":{"line":64,"column":5}},"type":"if","locations":[{"start":{"line":59,"column":4},"end":{"line":64,"column":5}},{"start":{"line":59,"column":4},"end":{"line":64,"column":5}}],"line":59},"2":{"loc":{"start":{"line":84,"column":4},"end":{"line":86,"column":5}},"type":"if","locations":[{"start":{"line":84,"column":4},"end":{"line":86,"column":5}},{"start":{"line":84,"column":4},"end":{"line":86,"column":5}}],"line":84},"3":{"loc":{"start":{"line":94,"column":18},"end":{"line":94,"column":44}},"type":"cond-expr","locations":[{"start":{"line":94,"column":38},"end":{"line":94,"column":40}},{"start":{"line":94,"column":43},"end":{"line":94,"column":44}}],"line":94}},"s":{"0":3,"1":3,"2":11,"3":11,"4":2,"5":9,"6":1,"7":8,"8":11,"9":11,"10":0,"11":11,"12":11,"13":11,"14":11,"15":11,"16":11,"17":11,"18":11},"f":{"0":11,"1":11},"b":{"0":[2,9],"1":[1,8],"2":[0,11],"3":[0,11]},"_coverageSchema":"1a1c01bbd47fc00a2c39e90264f33305004495a9","hash":"f90db95b401c553ab8b94063f0b09619f6699ffc"}
,"D:\\RepoApp\\app\\uikit\\TextField\\outline\\styles.js": {"path":"D:\\RepoApp\\app\\uikit\\TextField\\outline\\styles.js","statementMap":{"0":{"start":{"line":3,"column":28},"end":{"line":3,"column":29}},"1":{"start":{"line":5,"column":21},"end":{"line":8,"column":1}}},"fnMap":{},"branchMap":{"0":{"loc":{"start":{"line":66,"column":25},"end":{"line":66,"column":60}},"type":"cond-expr","locations":[{"start":{"line":66,"column":52},"end":{"line":66,"column":56}},{"start":{"line":66,"column":59},"end":{"line":66,"column":60}}],"line":66}},"s":{"0":3,"1":3},"f":{},"b":{"0":[0,3]},"_coverageSchema":"1a1c01bbd47fc00a2c39e90264f33305004495a9","hash":"8c1548d4a7b21222ecd7da4b53e2bb583db77553"}
}
