TN:
SF:app\assets\gitIcons.png
FNF:0
FNH:0
DA:1,3
LF:1
LH:1
BRF:0
BRH:0
end_of_record
TN:
SF:app\configs\style.js
FNF:0
FNH:0
DA:1,8
DA:2,8
DA:3,8
DA:4,8
DA:5,8
DA:6,8
DA:8,8
DA:13,8
DA:19,8
DA:26,8
DA:33,8
DA:40,8
DA:46,8
LF:13
LH:13
BRF:0
BRH:0
end_of_record
TN:
SF:app\redux\actions\commit.js
FNF:0
FNH:0
DA:8,2
DA:9,2
DA:10,2
LF:3
LH:3
BRF:0
BRH:0
end_of_record
TN:
SF:app\redux\actions\login.js
FNF:0
FNH:0
DA:4,2
DA:5,2
DA:6,2
LF:3
LH:3
BRF:0
BRH:0
end_of_record
TN:
SF:app\redux\actions\types.js
FNF:0
FNH:0
DA:1,4
DA:2,4
DA:3,4
DA:4,4
DA:5,4
DA:6,4
LF:6
LH:6
BRF:0
BRH:0
end_of_record
TN:
SF:app\screens\CommitScreen\CommitCard.js
FN:52,CommitCard
FNF:1
FNH:1
FNDA:4,CommitCard
DA:11,2
DA:61,4
DA:64,4
DA:65,4
DA:67,4
DA:69,4
DA:70,4
DA:90,2
LF:8
LH:8
BRDA:64,0,0,1
BRDA:64,0,1,3
BRDA:64,1,0,4
BRDA:64,1,1,3
BRDA:67,2,0,3
BRDA:67,2,1,1
BRDA:69,3,0,2
BRDA:69,3,1,2
BRDA:77,4,0,4
BRDA:77,4,1,3
BRDA:77,4,2,3
BRF:11
BRH:11
end_of_record
TN:
SF:app\screens\CommitScreen\index.js
FN:24,(anonymous_0)
FN:32,(anonymous_1)
FN:34,(anonymous_2)
FN:51,(anonymous_3)
FN:55,(anonymous_4)
FN:61,(anonymous_5)
FN:65,(anonymous_6)
FN:71,(anonymous_7)
FN:81,(anonymous_8)
FN:118,mapStateToProps
FN:124,mapDispatchToProps
FN:126,(anonymous_11)
FNF:12
FNH:12
FNDA:2,(anonymous_0)
FNDA:6,(anonymous_1)
FNDA:12,(anonymous_2)
FNDA:1,(anonymous_3)
FNDA:1,(anonymous_4)
FNDA:1,(anonymous_5)
FNDA:1,(anonymous_6)
FNDA:1,(anonymous_7)
FNDA:6,(anonymous_8)
FNDA:1,mapStateToProps
FNDA:2,mapDispatchToProps
FNDA:1,(anonymous_11)
DA:10,1
DA:25,2
DA:26,2
DA:32,2
DA:33,6
DA:34,6
DA:36,12
DA:46,12
DA:51,2
DA:52,1
DA:53,1
DA:54,1
DA:55,1
DA:61,2
DA:62,1
DA:63,1
DA:64,1
DA:65,1
DA:71,2
DA:72,1
DA:73,1
DA:74,1
DA:75,1
DA:82,6
DA:83,6
DA:84,6
DA:85,0
DA:91,6
DA:119,1
DA:125,2
DA:126,1
LF:31
LH:30
BRDA:40,0,0,12
BRDA:40,0,1,0
BRDA:40,1,0,12
BRDA:40,1,1,12
BRDA:41,2,0,12
BRDA:41,2,1,0
BRDA:41,3,0,12
BRDA:41,3,1,12
BRDA:84,4,0,0
BRDA:84,4,1,6
BRDA:101,5,0,6
BRDA:101,5,1,1
BRDA:107,6,0,6
BRDA:107,6,1,6
BRF:14
BRH:11
end_of_record
TN:
SF:app\screens\Home\index.js
FN:36,(anonymous_0)
FN:43,(anonymous_1)
FN:58,(anonymous_2)
FN:65,(anonymous_3)
FN:72,(anonymous_4)
FN:79,(anonymous_5)
FN:95,(anonymous_6)
FN:115,mapStateToProps
FN:121,mapDispatchToProps
FN:123,(anonymous_9)
FNF:10
FNH:9
FNDA:2,(anonymous_0)
FNDA:1,(anonymous_1)
FNDA:1,(anonymous_2)
FNDA:1,(anonymous_3)
FNDA:1,(anonymous_4)
FNDA:3,(anonymous_5)
FNDA:0,(anonymous_6)
FNDA:1,mapStateToProps
FNDA:2,mapDispatchToProps
FNDA:1,(anonymous_9)
DA:8,1
DA:37,2
DA:38,2
DA:44,1
DA:45,1
DA:46,1
DA:47,0
DA:49,0
DA:50,0
DA:52,0
DA:58,2
DA:59,1
DA:65,2
DA:66,1
DA:67,1
DA:68,1
DA:72,2
DA:73,1
DA:74,1
DA:75,1
DA:76,1
DA:80,3
DA:81,3
DA:82,3
DA:95,0
DA:116,1
DA:122,2
DA:123,1
LF:28
LH:23
BRDA:46,0,0,0
BRDA:46,0,1,1
BRDA:47,1,0,0
BRDA:47,1,1,0
BRDA:47,2,0,0
BRDA:47,2,1,0
BRDA:47,2,2,0
BRDA:50,3,0,0
BRDA:50,3,1,0
BRDA:50,4,0,0
BRDA:50,4,1,0
BRDA:106,5,0,3
BRDA:106,5,1,1
BRF:13
BRH:3
end_of_record
TN:
SF:app\screens\LoginScreen\index.js
FN:22,(anonymous_0)
FN:30,(anonymous_1)
FN:37,(anonymous_2)
FN:43,(anonymous_3)
FN:55,(anonymous_4)
FNF:5
FNH:4
FNDA:2,(anonymous_0)
FNDA:1,(anonymous_1)
FNDA:1,(anonymous_2)
FNDA:3,(anonymous_3)
FNDA:0,(anonymous_4)
DA:5,1
DA:23,2
DA:24,2
DA:30,2
DA:31,1
DA:37,2
DA:38,1
DA:39,1
DA:40,1
DA:44,3
DA:45,3
DA:55,0
LF:12
LH:11
BRF:0
BRH:0
end_of_record
TN:
SF:app\screens\PasswordScreen\index.js
FN:25,(anonymous_0)
FN:33,(anonymous_1)
FN:39,(anonymous_2)
FN:60,(anonymous_3)
FN:66,(anonymous_4)
FN:79,(anonymous_5)
FN:93,mapStateToProps
FN:99,mapDispatchToProps
FN:101,(anonymous_8)
FNF:9
FNH:8
FNDA:2,(anonymous_0)
FNDA:1,(anonymous_1)
FNDA:1,(anonymous_2)
FNDA:1,(anonymous_3)
FNDA:3,(anonymous_4)
FNDA:0,(anonymous_5)
FNDA:1,mapStateToProps
FNDA:2,mapDispatchToProps
FNDA:1,(anonymous_8)
DA:8,1
DA:26,2
DA:27,2
DA:33,2
DA:34,1
DA:40,1
DA:41,1
DA:42,0
DA:44,0
DA:48,0
DA:50,0
DA:51,0
DA:60,2
DA:61,1
DA:62,1
DA:63,1
DA:67,3
DA:68,3
DA:69,3
DA:79,0
DA:94,1
DA:100,2
DA:102,1
LF:23
LH:17
BRDA:41,0,0,0
BRDA:41,0,1,1
BRDA:42,1,0,0
BRDA:42,1,1,0
BRDA:42,2,0,0
BRDA:42,2,1,0
BRDA:42,2,2,0
BRDA:48,3,0,0
BRDA:48,3,1,0
BRDA:48,4,0,0
BRDA:48,4,1,0
BRDA:85,5,0,3
BRDA:85,5,1,1
BRF:13
BRH:3
end_of_record
TN:
SF:app\screens\SplashScreen\index.js
FN:21,(anonymous_0)
FN:37,(anonymous_1)
FN:47,(anonymous_2)
FN:51,(anonymous_3)
FN:64,mapStateToProps
FN:70,mapDispatchToProps
FN:72,(anonymous_6)
FNF:7
FNH:6
FNDA:2,(anonymous_0)
FNDA:0,(anonymous_1)
FNDA:1,(anonymous_2)
FNDA:2,(anonymous_3)
FNDA:1,mapStateToProps
FNDA:2,mapDispatchToProps
FNDA:1,(anonymous_6)
DA:8,1
DA:22,2
DA:23,2
DA:26,2
DA:27,2
DA:29,1
DA:32,1
DA:38,0
DA:39,0
DA:40,0
DA:41,0
DA:47,2
DA:48,1
DA:52,2
DA:65,1
DA:71,2
DA:73,1
LF:17
LH:13
BRDA:27,0,0,1
BRDA:27,0,1,1
BRDA:39,1,0,0
BRDA:39,1,1,0
BRDA:40,2,0,0
BRDA:40,2,1,0
BRDA:40,3,0,0
BRDA:40,3,1,0
BRF:8
BRH:2
end_of_record
TN:
SF:app\uikit\Spinner.js
FN:14,Spinner
FNF:1
FNH:1
FNDA:1,Spinner
DA:15,1
DA:16,1
DA:17,1
DA:19,1
DA:29,5
DA:40,5
LF:6
LH:6
BRDA:16,0,0,1
BRDA:16,0,1,0
BRDA:17,1,0,1
BRDA:17,1,1,0
BRF:4
BRH:2
end_of_record
TN:
SF:app\uikit\index.js
FNF:0
FNH:0
LF:0
LH:0
BRF:0
BRH:0
end_of_record
TN:
SF:app\uikit\Button\index.js
FN:40,Button
FN:63,(anonymous_1)
FNF:2
FNH:1
FNDA:9,Button
FNDA:0,(anonymous_1)
DA:12,5
DA:41,9
DA:42,9
DA:43,9
DA:53,5
DA:61,5
LF:6
LH:6
BRDA:42,0,0,6
BRDA:42,0,1,3
BRF:2
BRH:2
end_of_record
TN:
SF:app\uikit\TextField\index.js
FN:32,(anonymous_0)
FN:39,(anonymous_1)
FN:48,(anonymous_2)
FN:54,(anonymous_3)
FNF:4
FNH:3
FNDA:9,(anonymous_0)
FNDA:0,(anonymous_1)
FNDA:9,(anonymous_2)
FNDA:9,(anonymous_3)
DA:8,5
DA:18,5
DA:25,5
DA:33,9
DA:35,9
DA:36,9
DA:40,0
DA:41,0
DA:43,0
DA:45,0
DA:49,9
DA:51,9
DA:55,9
DA:57,9
LF:14
LH:10
BRF:0
BRH:0
end_of_record
TN:
SF:app\uikit\TextField\affix\index.js
FN:29,(anonymous_0)
FNF:1
FNH:1
FNDA:6,(anonymous_0)
DA:8,7
DA:12,7
DA:30,6
DA:32,6
DA:37,6
DA:45,6
DA:47,3
DA:48,3
DA:49,3
DA:52,3
DA:53,3
DA:54,3
DA:57,6
LF:13
LH:13
BRDA:45,0,0,3
BRDA:45,0,1,3
BRF:2
BRH:2
end_of_record
TN:
SF:app\uikit\TextField\affix\styles.js
FNF:0
FNH:0
LF:0
LH:0
BRF:0
BRH:0
end_of_record
TN:
SF:app\uikit\TextField\counter\index.js
FN:18,(anonymous_0)
FNF:1
FNH:1
FNDA:25,(anonymous_0)
DA:8,7
DA:19,25
DA:21,25
DA:22,20
DA:25,5
DA:31,5
LF:6
LH:6
BRDA:21,0,0,20
BRDA:21,0,1,5
BRDA:26,1,0,2
BRDA:26,1,1,3
BRF:4
BRH:4
end_of_record
TN:
SF:app\uikit\TextField\counter\styles.js
FNF:0
FNH:0
LF:0
LH:0
BRF:0
BRH:0
end_of_record
TN:
SF:app\uikit\TextField\field\index.js
FN:21,startAnimation
FN:25,labelStateFromProps
FN:32,errorStateFromProps
FN:138,(anonymous_3)
FN:147,(anonymous_4)
FN:183,(anonymous_5)
FN:184,(anonymous_6)
FN:192,(anonymous_7)
FN:196,(anonymous_8)
FN:200,(anonymous_9)
FN:216,(anonymous_10)
FN:228,(anonymous_11)
FN:241,(anonymous_12)
FN:247,(anonymous_13)
FN:255,(anonymous_14)
FN:263,(anonymous_15)
FN:272,(anonymous_16)
FN:278,(anonymous_17)
FN:287,(anonymous_18)
FN:300,(anonymous_19)
FN:304,(anonymous_20)
FN:310,(anonymous_21)
FN:317,(anonymous_22)
FN:321,(anonymous_23)
FN:328,(anonymous_24)
FN:334,(anonymous_25)
FN:338,(anonymous_26)
FN:360,(anonymous_27)
FN:373,(anonymous_28)
FN:381,(anonymous_29)
FN:395,(anonymous_30)
FN:411,(anonymous_31)
FN:420,(anonymous_32)
FN:427,(anonymous_33)
FN:444,(anonymous_34)
FN:460,(anonymous_35)
FN:487,(anonymous_36)
FN:504,(anonymous_37)
FN:508,(anonymous_38)
FN:514,(anonymous_39)
FN:538,(anonymous_40)
FN:586,(anonymous_41)
FN:614,(anonymous_42)
FN:644,(anonymous_43)
FNF:44
FNH:21
FNDA:0,startAnimation
FNDA:22,labelStateFromProps
FNDA:22,errorStateFromProps
FNDA:22,(anonymous_3)
FNDA:22,(anonymous_4)
FNDA:44,(anonymous_5)
FNDA:88,(anonymous_6)
FNDA:22,(anonymous_7)
FNDA:0,(anonymous_8)
FNDA:0,(anonymous_9)
FNDA:0,(anonymous_10)
FNDA:0,(anonymous_11)
FNDA:0,(anonymous_12)
FNDA:0,(anonymous_13)
FNDA:0,(anonymous_14)
FNDA:0,(anonymous_15)
FNDA:0,(anonymous_16)
FNDA:0,(anonymous_17)
FNDA:66,(anonymous_18)
FNDA:0,(anonymous_19)
FNDA:0,(anonymous_20)
FNDA:22,(anonymous_21)
FNDA:0,(anonymous_22)
FNDA:86,(anonymous_23)
FNDA:0,(anonymous_24)
FNDA:0,(anonymous_25)
FNDA:0,(anonymous_26)
FNDA:0,(anonymous_27)
FNDA:0,(anonymous_28)
FNDA:0,(anonymous_29)
FNDA:0,(anonymous_30)
FNDA:0,(anonymous_31)
FNDA:44,(anonymous_32)
FNDA:22,(anonymous_33)
FNDA:22,(anonymous_34)
FNDA:22,(anonymous_35)
FNDA:22,(anonymous_36)
FNDA:13,(anonymous_37)
FNDA:44,(anonymous_38)
FNDA:44,(anonymous_39)
FNDA:22,(anonymous_40)
FNDA:22,(anonymous_41)
FNDA:22,(anonymous_42)
FNDA:0,(anonymous_43)
DA:22,0
DA:26,22
DA:27,22
DA:29,22
DA:33,22
DA:35,22
DA:39,6
DA:66,6
DA:121,6
DA:123,6
DA:131,6
DA:140,22
DA:141,0
DA:144,22
DA:148,22
DA:150,22
DA:151,22
DA:152,22
DA:153,22
DA:154,22
DA:155,22
DA:156,22
DA:158,22
DA:159,22
DA:161,22
DA:162,22
DA:163,22
DA:165,22
DA:167,22
DA:168,22
DA:170,22
DA:184,44
DA:185,88
DA:186,88
DA:188,88
DA:193,22
DA:197,0
DA:201,0
DA:202,0
DA:204,0
DA:205,0
DA:208,0
DA:209,0
DA:211,0
DA:212,0
DA:217,0
DA:218,0
DA:220,0
DA:225,0
DA:229,0
DA:230,0
DA:232,0
DA:238,0
DA:242,0
DA:244,0
DA:248,0
DA:249,0
DA:252,0
DA:256,0
DA:257,0
DA:260,0
DA:264,0
DA:265,0
DA:267,0
DA:268,0
DA:273,0
DA:275,0
DA:279,0
DA:281,0
DA:284,0
DA:288,66
DA:289,66
DA:291,66
DA:293,66
DA:294,33
DA:297,33
DA:301,0
DA:305,0
DA:307,0
DA:311,22
DA:312,22
DA:314,22
DA:318,0
DA:322,86
DA:323,86
DA:325,86
DA:329,0
DA:331,0
DA:335,0
DA:339,0
DA:340,0
DA:342,0
DA:343,0
DA:346,0
DA:347,0
DA:350,0
DA:352,0
DA:353,0
DA:355,0
DA:356,0
DA:361,0
DA:363,0
DA:364,0
DA:367,0
DA:369,0
DA:370,0
DA:374,0
DA:376,0
DA:377,0
DA:382,0
DA:384,0
DA:385,0
DA:388,0
DA:390,0
DA:391,0
DA:396,0
DA:397,0
DA:399,0
DA:400,0
DA:403,0
DA:412,0
DA:413,0
DA:415,0
DA:416,0
DA:421,44
DA:422,44
DA:424,44
DA:428,22
DA:429,22
DA:431,22
DA:432,0
DA:435,22
DA:445,22
DA:447,22
DA:448,1914
DA:449,22
DA:452,1892
DA:453,103
DA:457,22
DA:461,22
DA:463,22
DA:465,22
DA:472,22
DA:473,1
DA:474,1
DA:476,1
DA:477,1
DA:484,22
DA:488,22
DA:490,22
DA:492,22
DA:505,13
DA:509,44
DA:511,44
DA:515,44
DA:521,44
DA:523,44
DA:524,42
DA:527,2
DA:535,2
DA:539,22
DA:548,22
DA:550,22
DA:551,22
DA:553,22
DA:558,22
DA:564,22
DA:570,22
DA:578,22
DA:592,22
DA:594,22
DA:595,22
DA:597,22
DA:615,22
DA:629,22
DA:631,22
DA:632,22
DA:634,22
DA:642,22
DA:644,0
DA:649,22
DA:657,22
DA:670,22
DA:681,22
LF:184
LH:104
BRDA:29,0,0,22
BRDA:29,0,1,22
BRDA:29,0,2,12
BRDA:29,0,3,12
BRDA:117,1,0,6
BRDA:117,1,1,0
BRDA:118,2,0,6
BRDA:118,2,1,0
BRDA:140,3,0,0
BRDA:140,3,1,22
BRDA:140,4,0,22
BRDA:140,4,1,1
BRDA:167,5,0,11
BRDA:167,5,1,11
BRDA:168,6,0,1
BRDA:168,6,1,21
BRDA:204,7,0,0
BRDA:204,7,1,0
BRDA:211,8,0,0
BRDA:211,8,1,0
BRDA:248,9,0,0
BRDA:248,9,1,0
BRDA:252,10,0,0
BRDA:252,10,1,0
BRDA:256,11,0,0
BRDA:256,11,1,0
BRDA:260,12,0,0
BRDA:260,12,1,0
BRDA:267,13,0,0
BRDA:267,13,1,0
BRDA:267,14,0,0
BRDA:267,14,1,0
BRDA:291,15,0,3
BRDA:291,15,1,63
BRDA:293,16,0,33
BRDA:293,16,1,33
BRDA:297,17,0,33
BRDA:297,17,1,0
BRDA:325,18,0,86
BRDA:325,18,1,86
BRDA:325,18,2,48
BRDA:331,19,0,0
BRDA:331,19,1,0
BRDA:331,19,2,0
BRDA:342,20,0,0
BRDA:342,20,1,0
BRDA:346,21,0,0
BRDA:346,21,1,0
BRDA:355,22,0,0
BRDA:355,22,1,0
BRDA:363,23,0,0
BRDA:363,23,1,0
BRDA:376,24,0,0
BRDA:376,24,1,0
BRDA:384,25,0,0
BRDA:384,25,1,0
BRDA:390,26,0,0
BRDA:390,26,1,0
BRDA:399,27,0,0
BRDA:399,27,1,0
BRDA:415,28,0,0
BRDA:415,28,1,0
BRDA:415,29,0,0
BRDA:415,29,1,0
BRDA:415,29,2,0
BRDA:422,30,0,44
BRDA:424,31,0,2
BRDA:424,31,1,42
BRDA:431,32,0,0
BRDA:431,32,1,22
BRDA:431,33,0,22
BRDA:431,33,1,0
BRDA:448,34,0,22
BRDA:448,34,1,1892
BRDA:452,35,0,103
BRDA:452,35,1,1789
BRDA:463,36,0,3
BRDA:463,36,1,19
BRDA:463,37,0,22
BRDA:463,37,1,20
BRDA:472,38,0,1
BRDA:472,38,1,21
BRDA:474,39,0,1
BRDA:474,39,1,0
BRDA:511,40,0,3
BRDA:511,40,1,41
BRDA:523,41,0,42
BRDA:523,41,1,2
BRDA:602,42,0,22
BRDA:602,42,1,20
BRDA:646,43,0,20
BRDA:646,43,1,2
BRDA:646,44,0,22
BRDA:646,44,1,20
BRF:94
BRH:47
end_of_record
TN:
SF:app\uikit\TextField\field\styles.js
FNF:0
FNH:0
LF:0
LH:0
BRDA:16,0,0,0
BRDA:16,0,1,6
BRF:2
BRH:1
end_of_record
TN:
SF:app\uikit\TextField\helper\index.js
FN:22,(anonymous_0)
FN:39,(anonymous_1)
FN:45,(anonymous_2)
FN:51,(anonymous_3)
FN:63,(anonymous_4)
FNF:5
FNH:3
FNDA:25,(anonymous_0)
FNDA:25,(anonymous_1)
FNDA:0,(anonymous_2)
FNDA:0,(anonymous_3)
FNDA:25,(anonymous_4)
DA:8,7
DA:23,25
DA:25,25
DA:27,25
DA:33,25
DA:40,25
DA:42,25
DA:46,0
DA:48,0
DA:52,0
DA:53,0
DA:56,0
DA:57,0
DA:60,0
DA:64,25
DA:65,25
DA:67,25
DA:69,25
DA:70,19
DA:73,6
DA:79,6
LF:21
LH:14
BRDA:52,0,0,0
BRDA:52,0,1,0
BRDA:52,1,0,0
BRDA:52,1,1,0
BRDA:56,2,0,0
BRDA:56,2,1,0
BRDA:56,3,0,0
BRDA:56,3,1,0
BRDA:67,4,0,2
BRDA:67,4,1,23
BRDA:69,5,0,19
BRDA:69,5,1,6
BRDA:76,6,0,2
BRDA:76,6,1,4
BRDA:76,7,0,6
BRDA:76,7,1,5
BRF:16
BRH:8
end_of_record
TN:
SF:app\uikit\TextField\helper\styles.js
FNF:0
FNH:0
LF:0
LH:0
BRF:0
BRH:0
end_of_record
TN:
SF:app\uikit\TextField\label\index.js
FN:46,(anonymous_0)
FNF:1
FNH:1
FNDA:30,(anonymous_0)
DA:8,7
DA:14,7
DA:62,30
DA:64,30
DA:65,1
DA:68,29
DA:77,29
DA:83,29
DA:85,29
DA:86,29
DA:87,29
DA:89,29
DA:112,29
LF:13
LH:13
BRDA:64,0,0,1
BRDA:64,0,1,29
BRDA:68,1,0,2
BRDA:68,1,1,27
BRDA:70,2,0,2
BRDA:70,2,1,25
BRF:6
BRH:6
end_of_record
TN:
SF:app\uikit\TextField\label\styles.js
FNF:0
FNH:0
LF:0
LH:0
BRF:0
BRH:0
end_of_record
TN:
SF:app\uikit\TextField\line\index.js
FN:36,(anonymous_0)
FN:55,(anonymous_1)
FN:95,(anonymous_2)
FN:107,(anonymous_3)
FNF:4
FNH:4
FNDA:17,(anonymous_0)
FNDA:17,(anonymous_1)
FNDA:17,(anonymous_2)
FNDA:51,(anonymous_3)
DA:7,7
DA:10,7
DA:18,7
DA:37,17
DA:39,17
DA:46,17
DA:47,17
DA:50,0
DA:53,17
DA:66,17
DA:68,17
DA:69,2
DA:75,15
DA:76,2
DA:82,13
DA:96,17
DA:97,17
DA:99,17
DA:101,17
DA:102,0
DA:105,17
DA:107,51
DA:110,17
DA:119,17
LF:24
LH:22
BRDA:46,0,0,17
BRDA:46,0,1,0
BRDA:68,1,0,2
BRDA:68,1,1,15
BRDA:75,2,0,2
BRDA:75,2,1,13
BRDA:99,3,0,2
BRDA:99,3,1,15
BRDA:101,4,0,0
BRDA:101,4,1,17
BRF:10
BRH:8
end_of_record
TN:
SF:app\uikit\TextField\line\styles.js
FNF:0
FNH:0
LF:0
LH:0
BRF:0
BRH:0
end_of_record
TN:
SF:app\uikit\TextField\outline\index.js
FN:38,(anonymous_0)
FN:81,(anonymous_1)
FNF:2
FNH:2
FNDA:13,(anonymous_0)
FNDA:13,(anonymous_1)
DA:8,6
DA:14,6
DA:50,13
DA:52,13
DA:53,2
DA:59,11
DA:60,1
DA:66,10
DA:82,13
DA:84,13
DA:85,0
DA:88,13
DA:89,13
DA:91,13
DA:102,13
DA:106,13
DA:110,13
DA:115,13
DA:117,13
LF:19
LH:18
BRDA:52,0,0,2
BRDA:52,0,1,11
BRDA:59,1,0,1
BRDA:59,1,1,10
BRDA:84,2,0,0
BRDA:84,2,1,13
BRDA:94,3,0,0
BRDA:94,3,1,13
BRF:8
BRH:6
end_of_record
TN:
SF:app\uikit\TextField\outline\styles.js
FNF:0
FNH:0
DA:3,6
DA:5,6
LF:2
LH:2
BRDA:66,0,0,0
BRDA:66,0,1,6
BRF:2
BRH:1
end_of_record
