TN:
SF:app\uikit\TextField\index.js
FN:32,(anonymous_0)
FN:39,(anonymous_1)
FN:48,(anonymous_2)
FN:54,(anonymous_3)
FNF:4
FNH:3
FNDA:6,(anonymous_0)
FNDA:0,(anonymous_1)
FNDA:6,(anonymous_2)
FNDA:6,(anonymous_3)
DA:8,1
DA:18,1
DA:25,1
DA:33,6
DA:35,6
DA:36,6
DA:40,0
DA:41,0
DA:43,0
DA:45,0
DA:49,6
DA:51,6
DA:55,6
DA:57,6
LF:14
LH:10
BRF:0
BRH:0
end_of_record
TN:
SF:app\uikit\TextField\affix\index.js
FN:29,(anonymous_0)
FNF:1
FNH:1
FNDA:6,(anonymous_0)
DA:8,3
DA:12,3
DA:30,6
DA:32,6
DA:37,6
DA:45,6
DA:47,3
DA:48,3
DA:49,3
DA:52,3
DA:53,3
DA:54,3
DA:57,6
LF:13
LH:13
BRDA:45,0,0,3
BRDA:45,0,1,3
BRF:2
BRH:2
end_of_record
TN:
SF:app\uikit\TextField\affix\styles.js
FNF:0
FNH:0
LF:0
LH:0
BRF:0
BRH:0
end_of_record
TN:
SF:app\uikit\TextField\counter\index.js
FN:18,(anonymous_0)
FNF:1
FNH:1
FNDA:22,(anonymous_0)
DA:8,3
DA:19,22
DA:21,22
DA:22,17
DA:25,5
DA:31,5
LF:6
LH:6
BRDA:21,0,0,17
BRDA:21,0,1,5
BRDA:26,1,0,2
BRDA:26,1,1,3
BRF:4
BRH:4
end_of_record
TN:
SF:app\uikit\TextField\counter\styles.js
FNF:0
FNH:0
LF:0
LH:0
BRF:0
BRH:0
end_of_record
TN:
SF:app\uikit\TextField\field\index.js
FN:21,startAnimation
FN:25,labelStateFromProps
FN:32,errorStateFromProps
FN:138,(anonymous_3)
FN:147,(anonymous_4)
FN:183,(anonymous_5)
FN:184,(anonymous_6)
FN:192,(anonymous_7)
FN:196,(anonymous_8)
FN:200,(anonymous_9)
FN:216,(anonymous_10)
FN:228,(anonymous_11)
FN:241,(anonymous_12)
FN:247,(anonymous_13)
FN:255,(anonymous_14)
FN:263,(anonymous_15)
FN:272,(anonymous_16)
FN:278,(anonymous_17)
FN:287,(anonymous_18)
FN:300,(anonymous_19)
FN:304,(anonymous_20)
FN:310,(anonymous_21)
FN:317,(anonymous_22)
FN:321,(anonymous_23)
FN:328,(anonymous_24)
FN:334,(anonymous_25)
FN:338,(anonymous_26)
FN:360,(anonymous_27)
FN:373,(anonymous_28)
FN:381,(anonymous_29)
FN:395,(anonymous_30)
FN:411,(anonymous_31)
FN:420,(anonymous_32)
FN:427,(anonymous_33)
FN:444,(anonymous_34)
FN:460,(anonymous_35)
FN:487,(anonymous_36)
FN:504,(anonymous_37)
FN:508,(anonymous_38)
FN:514,(anonymous_39)
FN:538,(anonymous_40)
FN:586,(anonymous_41)
FN:614,(anonymous_42)
FN:644,(anonymous_43)
FNF:44
FNH:21
FNDA:0,startAnimation
FNDA:19,labelStateFromProps
FNDA:19,errorStateFromProps
FNDA:19,(anonymous_3)
FNDA:19,(anonymous_4)
FNDA:38,(anonymous_5)
FNDA:76,(anonymous_6)
FNDA:19,(anonymous_7)
FNDA:0,(anonymous_8)
FNDA:0,(anonymous_9)
FNDA:0,(anonymous_10)
FNDA:0,(anonymous_11)
FNDA:0,(anonymous_12)
FNDA:0,(anonymous_13)
FNDA:0,(anonymous_14)
FNDA:0,(anonymous_15)
FNDA:0,(anonymous_16)
FNDA:0,(anonymous_17)
FNDA:57,(anonymous_18)
FNDA:0,(anonymous_19)
FNDA:0,(anonymous_20)
FNDA:19,(anonymous_21)
FNDA:0,(anonymous_22)
FNDA:74,(anonymous_23)
FNDA:0,(anonymous_24)
FNDA:0,(anonymous_25)
FNDA:0,(anonymous_26)
FNDA:0,(anonymous_27)
FNDA:0,(anonymous_28)
FNDA:0,(anonymous_29)
FNDA:0,(anonymous_30)
FNDA:0,(anonymous_31)
FNDA:38,(anonymous_32)
FNDA:19,(anonymous_33)
FNDA:19,(anonymous_34)
FNDA:19,(anonymous_35)
FNDA:19,(anonymous_36)
FNDA:13,(anonymous_37)
FNDA:38,(anonymous_38)
FNDA:38,(anonymous_39)
FNDA:19,(anonymous_40)
FNDA:19,(anonymous_41)
FNDA:19,(anonymous_42)
FNDA:0,(anonymous_43)
DA:22,0
DA:26,19
DA:27,19
DA:29,19
DA:33,19
DA:35,19
DA:39,2
DA:66,2
DA:121,2
DA:123,2
DA:131,2
DA:140,19
DA:141,0
DA:144,19
DA:148,19
DA:150,19
DA:151,19
DA:152,19
DA:153,19
DA:154,19
DA:155,19
DA:156,19
DA:158,19
DA:159,19
DA:161,19
DA:162,19
DA:163,19
DA:165,19
DA:167,19
DA:168,19
DA:170,19
DA:184,38
DA:185,76
DA:186,76
DA:188,76
DA:193,19
DA:197,0
DA:201,0
DA:202,0
DA:204,0
DA:205,0
DA:208,0
DA:209,0
DA:211,0
DA:212,0
DA:217,0
DA:218,0
DA:220,0
DA:225,0
DA:229,0
DA:230,0
DA:232,0
DA:238,0
DA:242,0
DA:244,0
DA:248,0
DA:249,0
DA:252,0
DA:256,0
DA:257,0
DA:260,0
DA:264,0
DA:265,0
DA:267,0
DA:268,0
DA:273,0
DA:275,0
DA:279,0
DA:281,0
DA:284,0
DA:288,57
DA:289,57
DA:291,57
DA:293,57
DA:294,24
DA:297,33
DA:301,0
DA:305,0
DA:307,0
DA:311,19
DA:312,19
DA:314,19
DA:318,0
DA:322,74
DA:323,74
DA:325,74
DA:329,0
DA:331,0
DA:335,0
DA:339,0
DA:340,0
DA:342,0
DA:343,0
DA:346,0
DA:347,0
DA:350,0
DA:352,0
DA:353,0
DA:355,0
DA:356,0
DA:361,0
DA:363,0
DA:364,0
DA:367,0
DA:369,0
DA:370,0
DA:374,0
DA:376,0
DA:377,0
DA:382,0
DA:384,0
DA:385,0
DA:388,0
DA:390,0
DA:391,0
DA:396,0
DA:397,0
DA:399,0
DA:400,0
DA:403,0
DA:412,0
DA:413,0
DA:415,0
DA:416,0
DA:421,38
DA:422,38
DA:424,38
DA:428,19
DA:429,19
DA:431,19
DA:432,0
DA:435,19
DA:445,19
DA:447,19
DA:448,1653
DA:449,19
DA:452,1634
DA:453,87
DA:457,19
DA:461,19
DA:463,19
DA:465,19
DA:472,19
DA:473,1
DA:474,1
DA:476,1
DA:477,1
DA:484,19
DA:488,19
DA:490,19
DA:492,19
DA:505,13
DA:509,38
DA:511,38
DA:515,38
DA:521,38
DA:523,38
DA:524,36
DA:527,2
DA:535,2
DA:539,19
DA:548,19
DA:550,19
DA:551,19
DA:553,19
DA:558,19
DA:564,19
DA:570,19
DA:578,19
DA:592,19
DA:594,19
DA:595,19
DA:597,19
DA:615,19
DA:629,19
DA:631,19
DA:632,19
DA:634,19
DA:642,19
DA:644,0
DA:649,19
DA:657,19
DA:670,19
DA:681,19
LF:184
LH:104
BRDA:29,0,0,19
BRDA:29,0,1,19
BRDA:29,0,2,9
BRDA:29,0,3,9
BRDA:117,1,0,2
BRDA:117,1,1,0
BRDA:118,2,0,2
BRDA:118,2,1,0
BRDA:140,3,0,0
BRDA:140,3,1,19
BRDA:140,4,0,19
BRDA:140,4,1,1
BRDA:167,5,0,11
BRDA:167,5,1,8
BRDA:168,6,0,1
BRDA:168,6,1,18
BRDA:204,7,0,0
BRDA:204,7,1,0
BRDA:211,8,0,0
BRDA:211,8,1,0
BRDA:248,9,0,0
BRDA:248,9,1,0
BRDA:252,10,0,0
BRDA:252,10,1,0
BRDA:256,11,0,0
BRDA:256,11,1,0
BRDA:260,12,0,0
BRDA:260,12,1,0
BRDA:267,13,0,0
BRDA:267,13,1,0
BRDA:267,14,0,0
BRDA:267,14,1,0
BRDA:291,15,0,3
BRDA:291,15,1,54
BRDA:293,16,0,24
BRDA:293,16,1,33
BRDA:297,17,0,33
BRDA:297,17,1,0
BRDA:325,18,0,74
BRDA:325,18,1,74
BRDA:325,18,2,36
BRDA:331,19,0,0
BRDA:331,19,1,0
BRDA:331,19,2,0
BRDA:342,20,0,0
BRDA:342,20,1,0
BRDA:346,21,0,0
BRDA:346,21,1,0
BRDA:355,22,0,0
BRDA:355,22,1,0
BRDA:363,23,0,0
BRDA:363,23,1,0
BRDA:376,24,0,0
BRDA:376,24,1,0
BRDA:384,25,0,0
BRDA:384,25,1,0
BRDA:390,26,0,0
BRDA:390,26,1,0
BRDA:399,27,0,0
BRDA:399,27,1,0
BRDA:415,28,0,0
BRDA:415,28,1,0
BRDA:415,29,0,0
BRDA:415,29,1,0
BRDA:415,29,2,0
BRDA:422,30,0,38
BRDA:424,31,0,2
BRDA:424,31,1,36
BRDA:431,32,0,0
BRDA:431,32,1,19
BRDA:431,33,0,19
BRDA:431,33,1,0
BRDA:448,34,0,19
BRDA:448,34,1,1634
BRDA:452,35,0,87
BRDA:452,35,1,1547
BRDA:463,36,0,3
BRDA:463,36,1,16
BRDA:463,37,0,19
BRDA:463,37,1,17
BRDA:472,38,0,1
BRDA:472,38,1,18
BRDA:474,39,0,1
BRDA:474,39,1,0
BRDA:511,40,0,3
BRDA:511,40,1,35
BRDA:523,41,0,36
BRDA:523,41,1,2
BRDA:602,42,0,19
BRDA:602,42,1,17
BRDA:646,43,0,17
BRDA:646,43,1,2
BRDA:646,44,0,19
BRDA:646,44,1,17
BRF:94
BRH:47
end_of_record
TN:
SF:app\uikit\TextField\field\styles.js
FNF:0
FNH:0
LF:0
LH:0
BRDA:16,0,0,0
BRDA:16,0,1,2
BRF:2
BRH:1
end_of_record
TN:
SF:app\uikit\TextField\helper\index.js
FN:22,(anonymous_0)
FN:39,(anonymous_1)
FN:45,(anonymous_2)
FN:51,(anonymous_3)
FN:63,(anonymous_4)
FNF:5
FNH:3
FNDA:22,(anonymous_0)
FNDA:22,(anonymous_1)
FNDA:0,(anonymous_2)
FNDA:0,(anonymous_3)
FNDA:22,(anonymous_4)
DA:8,3
DA:23,22
DA:25,22
DA:27,22
DA:33,22
DA:40,22
DA:42,22
DA:46,0
DA:48,0
DA:52,0
DA:53,0
DA:56,0
DA:57,0
DA:60,0
DA:64,22
DA:65,22
DA:67,22
DA:69,22
DA:70,16
DA:73,6
DA:79,6
LF:21
LH:14
BRDA:52,0,0,0
BRDA:52,0,1,0
BRDA:52,1,0,0
BRDA:52,1,1,0
BRDA:56,2,0,0
BRDA:56,2,1,0
BRDA:56,3,0,0
BRDA:56,3,1,0
BRDA:67,4,0,2
BRDA:67,4,1,20
BRDA:69,5,0,16
BRDA:69,5,1,6
BRDA:76,6,0,2
BRDA:76,6,1,4
BRDA:76,7,0,6
BRDA:76,7,1,5
BRF:16
BRH:8
end_of_record
TN:
SF:app\uikit\TextField\helper\styles.js
FNF:0
FNH:0
LF:0
LH:0
BRF:0
BRH:0
end_of_record
TN:
SF:app\uikit\TextField\label\index.js
FN:46,(anonymous_0)
FNF:1
FNH:1
FNDA:27,(anonymous_0)
DA:8,3
DA:14,3
DA:62,27
DA:64,27
DA:65,1
DA:68,26
DA:77,26
DA:83,26
DA:85,26
DA:86,26
DA:87,26
DA:89,26
DA:112,26
LF:13
LH:13
BRDA:64,0,0,1
BRDA:64,0,1,26
BRDA:68,1,0,2
BRDA:68,1,1,24
BRDA:70,2,0,2
BRDA:70,2,1,22
BRF:6
BRH:6
end_of_record
TN:
SF:app\uikit\TextField\label\styles.js
FNF:0
FNH:0
LF:0
LH:0
BRF:0
BRH:0
end_of_record
TN:
SF:app\uikit\TextField\line\index.js
FN:36,(anonymous_0)
FN:55,(anonymous_1)
FN:95,(anonymous_2)
FN:107,(anonymous_3)
FNF:4
FNH:4
FNDA:17,(anonymous_0)
FNDA:17,(anonymous_1)
FNDA:17,(anonymous_2)
FNDA:51,(anonymous_3)
DA:7,3
DA:10,3
DA:18,3
DA:37,17
DA:39,17
DA:46,17
DA:47,17
DA:50,0
DA:53,17
DA:66,17
DA:68,17
DA:69,2
DA:75,15
DA:76,2
DA:82,13
DA:96,17
DA:97,17
DA:99,17
DA:101,17
DA:102,0
DA:105,17
DA:107,51
DA:110,17
DA:119,17
LF:24
LH:22
BRDA:46,0,0,17
BRDA:46,0,1,0
BRDA:68,1,0,2
BRDA:68,1,1,15
BRDA:75,2,0,2
BRDA:75,2,1,13
BRDA:99,3,0,2
BRDA:99,3,1,15
BRDA:101,4,0,0
BRDA:101,4,1,17
BRF:10
BRH:8
end_of_record
TN:
SF:app\uikit\TextField\line\styles.js
FNF:0
FNH:0
LF:0
LH:0
BRF:0
BRH:0
end_of_record
TN:
SF:app\uikit\TextField\outline\index.js
FN:38,(anonymous_0)
FN:81,(anonymous_1)
FNF:2
FNH:2
FNDA:10,(anonymous_0)
FNDA:10,(anonymous_1)
DA:8,2
DA:14,2
DA:50,10
DA:52,10
DA:53,2
DA:59,8
DA:60,1
DA:66,7
DA:82,10
DA:84,10
DA:85,0
DA:88,10
DA:89,10
DA:91,10
DA:102,10
DA:106,10
DA:110,10
DA:115,10
DA:117,10
LF:19
LH:18
BRDA:52,0,0,2
BRDA:52,0,1,8
BRDA:59,1,0,1
BRDA:59,1,1,7
BRDA:84,2,0,0
BRDA:84,2,1,10
BRDA:94,3,0,0
BRDA:94,3,1,10
BRF:8
BRH:6
end_of_record
TN:
SF:app\uikit\TextField\outline\styles.js
FNF:0
FNH:0
DA:3,2
DA:5,2
LF:2
LH:2
BRDA:66,0,0,0
BRDA:66,0,1,2
BRF:2
BRH:1
end_of_record
